#
# There is insufficient memory for the Java Runtime Environment to continue.
# Native memory allocation (mmap) failed to map 174063616 bytes for committing reserved memory.
# Possible reasons:
#   The system is out of physical RAM or swap space
#   The process is running with CompressedOops enabled, and the Java Heap may be blocking the growth of the native heap
# Possible solutions:
#   Reduce memory load on the system
#   Increase physical memory or swap space
#   Check if swap backing store is full
#   Decrease Java heap size (-Xmx/-Xms)
#   Decrease number of Java threads
#   Decrease Java thread stack sizes (-Xss)
#   Set larger code cache with -XX:ReservedCodeCacheSize=
#   JVM is running with Unscaled Compressed Oops mode in which the Java heap is
#     placed in the first 4GB address space. The Java Heap base address is the
#     maximum limit for the native heap growth. Please use -XX:HeapBaseMinAddress
#     to set the Java Heap base and to place the Java Heap above 4GB virtual address.
# This output file may be truncated or incomplete.
#
#  Out of Memory Error (os_linux.cpp:2706), pid=5068, tid=5080
#
# JRE version: OpenJDK Runtime Environment (10.0.2+13) (build 10.0.2+13-Ubuntu-1ubuntu0.18.04.4)
# Java VM: OpenJDK 64-Bit Server VM (10.0.2+13-Ubuntu-1ubuntu0.18.04.4, mixed mode, tiered, compressed oops, g1 gc, linux-amd64)
# Core dump will be written. Default location: Core dumps may be processed with "/usr/share/apport/apport %p %s %c %d %P" (or dumping to /home/arts/Documents/learn/react-native/course/Tasbih/android/core.5068)
#

---------------  S U M M A R Y ------------

Command Line: -XX:+HeapDumpOnOutOfMemoryError -Xmx1024m -Dfile.encoding=UTF-8 -Duser.country=US -Duser.language=en -Duser.variant org.gradle.launcher.daemon.bootstrap.GradleDaemon 4.4

Host: Intel(R) Celeron(R) CPU  N2840  @ 2.16GHz, 2 cores, 3G, Linux Mint 19 Tara
Time: Fri Nov 30 00:27:32 2018 WIB elapsed time: 408 seconds (0d 0h 6m 48s)

---------------  T H R E A D  ---------------

Current thread (0x00007fcc200d5000):  VMThread "VM Thread" [stack: 0x00007fcc04225000,0x00007fcc04325000] [id=5080]

Stack: [0x00007fcc04225000,0x00007fcc04325000],  sp=0x00007fcc043230a0,  free space=1016k
Native frames: (J=compiled Java code, A=aot compiled Java code, j=interpreted, Vv=VM code, C=native code)
V  [libjvm.so+0xd27ea4]
V  [libjvm.so+0xd28a4b]
V  [libjvm.so+0x64d415]
V  [libjvm.so+0xb2d7c8]
V  [libjvm.so+0xb2601d]
V  [libjvm.so+0x7662ff]
V  [libjvm.so+0x76653e]
V  [libjvm.so+0x769500]
V  [libjvm.so+0x7efa1c]
V  [libjvm.so+0x7f06df]
V  [libjvm.so+0x7f0b59]
V  [libjvm.so+0x7162cf]
V  [libjvm.so+0x71a3ba]
V  [libjvm.so+0xd3a008]
V  [libjvm.so+0xd38871]
V  [libjvm.so+0xd35b3b]
V  [libjvm.so+0xd3715e]
V  [libjvm.so+0xd37588]
V  [libjvm.so+0xb33d40]

VM_Operation (0x00007fcbca0f8b90): G1IncCollectionPause, mode: safepoint, requested by thread 0x000055fe39e4b000


---------------  P R O C E S S  ---------------

Threads class SMR info:
_java_thread_list=0x00007fcbd04f87d0, length=32, elements={
0x00007fcc20011800, 0x00007fcc200e1000, 0x00007fcc200e3000, 0x00007fcc200f8000,
0x00007fcc200fa000, 0x00007fcc200fc000, 0x00007fcc200fe000, 0x00007fcc2016a800,
0x00007fcc20183800, 0x00007fcc20d05000, 0x00007fcc20d2c000, 0x00007fcbec126000,
0x00007fcbec12e000, 0x00007fcbeca90800, 0x00007fcbecf56000, 0x00007fcbcc102000,
0x00007fcbd03ef000, 0x00007fcbd018f000, 0x00007fcbd0192000, 0x00007fcbd8012000,
0x00007fcbd800d000, 0x00007fcbd800f800, 0x00007fcbd8027000, 0x00007fcbd8033800,
0x00007fcbd8034800, 0x00007fcbd8048800, 0x00007fcbd804a000, 0x00007fcbd804b000,
0x00007fcbd8039800, 0x00007fcc20dd4000, 0x000055fe39e4b000, 0x000055fe39e4c000
}

Java Threads: ( => current thread )
  0x00007fcc20011800 JavaThread "main" [_thread_blocked, id=5069, stack(0x00007fcc29fe7000,0x00007fcc2a0e8000)]
  0x00007fcc200e1000 JavaThread "Reference Handler" daemon [_thread_blocked, id=5081, stack(0x00007fcc04122000,0x00007fcc04223000)]
  0x00007fcc200e3000 JavaThread "Finalizer" daemon [_thread_blocked, id=5082, stack(0x00007fcc04021000,0x00007fcc04122000)]
  0x00007fcc200f8000 JavaThread "Signal Dispatcher" daemon [_thread_blocked, id=5083, stack(0x00007fcbdfc20000,0x00007fcbdfd21000)]
  0x00007fcc200fa000 JavaThread "C2 CompilerThread0" daemon [_thread_blocked, id=5084, stack(0x00007fcbdfb1f000,0x00007fcbdfc20000)]
  0x00007fcc200fc000 JavaThread "C1 CompilerThread1" daemon [_thread_blocked, id=5085, stack(0x00007fcbdfa1e000,0x00007fcbdfb1f000)]
  0x00007fcc200fe000 JavaThread "Sweeper thread" daemon [_thread_blocked, id=5086, stack(0x00007fcbdf91d000,0x00007fcbdfa1e000)]
  0x00007fcc2016a800 JavaThread "Service Thread" daemon [_thread_blocked, id=5087, stack(0x00007fcbdf81c000,0x00007fcbdf91d000)]
  0x00007fcc20183800 JavaThread "Common-Cleaner" daemon [_thread_blocked, id=5089, stack(0x00007fcbdf619000,0x00007fcbdf71a000)]
  0x00007fcc20d05000 JavaThread "Incoming local TCP Connector on port 39367" [_thread_in_native, id=5095, stack(0x00007fcbde2dc000,0x00007fcbde3dd000)]
  0x00007fcc20d2c000 JavaThread "Daemon periodic checks" [_thread_blocked, id=5096, stack(0x00007fcbde1db000,0x00007fcbde2dc000)]
  0x00007fcbec126000 JavaThread "Cache worker for file hash cache (/home/arts/.gradle/caches/4.4/fileHashes)" [_thread_blocked, id=5105, stack(0x00007fcbdd6d4000,0x00007fcbdd7d5000)]
  0x00007fcbec12e000 JavaThread "File lock request listener" [_thread_in_native, id=5106, stack(0x00007fcbdd5d3000,0x00007fcbdd6d4000)]
  0x00007fcbeca90800 JavaThread "Memory manager" [_thread_blocked, id=5124, stack(0x00007fcbdc0ce000,0x00007fcbdc1cf000)]
  0x00007fcbecf56000 JavaThread "ForkJoinPool.commonPool-worker-1" daemon [_thread_blocked, id=5326, stack(0x00007fcbca5fc000,0x00007fcbca6fd000)]
  0x00007fcbcc102000 JavaThread "Daemon Thread 2" [_thread_blocked, id=5515, stack(0x00007fcbde0da000,0x00007fcbde1db000)]
  0x00007fcbd03ef000 JavaThread "Handler for socket connection from /0:0:0:0:0:0:0:1:39367 to /0:0:0:0:0:0:0:1:60186" [_thread_in_native, id=5516, stack(0x00007fcbddbd7000,0x00007fcbddcd8000)]
  0x00007fcbd018f000 JavaThread "Cancel handler" [_thread_blocked, id=5517, stack(0x00007fcbddfd9000,0x00007fcbde0da000)]
  0x00007fcbd0192000 JavaThread "Daemon worker Thread 2" [_thread_blocked, id=5518, stack(0x00007fcbddcd8000,0x00007fcbdddd9000)]
  0x00007fcbd8012000 JavaThread "Asynchronous log dispatcher for DefaultDaemonConnection: socket connection from /0:0:0:0:0:0:0:1:39367 to /0:0:0:0:0:0:0:1:60186" [_thread_blocked, id=5519, stack(0x00007fcbdd9d5000,0x00007fcbddad6000)]
  0x00007fcbd800d000 JavaThread "Stdin handler" [_thread_blocked, id=5520, stack(0x00007fcbdd4d2000,0x00007fcbdd5d3000)]
  0x00007fcbd800f800 JavaThread "Cache worker for file hash cache (/home/arts/Documents/learn/react-native/course/Tasbih/android/.gradle/4.4/fileHashes)" [_thread_blocked, id=5521, stack(0x00007fcbdc5d1000,0x00007fcbdc6d2000)]
  0x00007fcbd8027000 JavaThread "Cache worker for Artifact transforms cache (/home/arts/.gradle/caches/transforms-1)" [_thread_blocked, id=5525, stack(0x00007fcbdc2d0000,0x00007fcbdc3d1000)]
  0x00007fcbd8033800 JavaThread "build operations" [_thread_blocked, id=5529, stack(0x00007fcbdc1cf000,0x00007fcbdc2d0000)]
  0x00007fcbd8034800 JavaThread "build operations Thread 2" [_thread_blocked, id=5530, stack(0x00007fcbca6fd000,0x00007fcbca7fe000)]
  0x00007fcbd8048800 JavaThread "Cache worker for file content cache (/home/arts/Documents/learn/react-native/course/Tasbih/android/.gradle/4.4/fileContent)" [_thread_blocked, id=5531, stack(0x00007fcbca7fe000,0x00007fcbca8ff000)]
  0x00007fcbd804a000 JavaThread "Cache worker for task history cache (/home/arts/Documents/learn/react-native/course/Tasbih/android/.gradle/4.4/taskHistory)" [_thread_blocked, id=5533, stack(0x00007fcbca8ff000,0x00007fcbcaa00000)]
  0x00007fcbd804b000 JavaThread "Cache worker for Build Output Cleanup Cache (/home/arts/Documents/learn/react-native/course/Tasbih/android/.gradle/buildOutputCleanup)" [_thread_blocked, id=5534, stack(0x00007fcbddad6000,0x00007fcbddbd7000)]
  0x00007fcbd8039800 JavaThread "Task worker for ':'" [_thread_blocked, id=5535, stack(0x00007fcbc9df8000,0x00007fcbc9ef9000)]
  0x00007fcc20dd4000 JavaThread "Cache worker for Java compile cache (/home/arts/Documents/learn/react-native/course/Tasbih/android/.gradle/4.4/javaCompile)" [_thread_blocked, id=5593, stack(0x00007fcbca0fb000,0x00007fcbca1fc000)]
  0x000055fe39e4b000 JavaThread "pool-4-thread-1" [_thread_blocked, id=5685, stack(0x00007fcbc9ffa000,0x00007fcbca0fb000)]
  0x000055fe39e4c000 JavaThread "pool-4-thread-2" [_thread_blocked, id=5686, stack(0x00007fcbc9ef9000,0x00007fcbc9ffa000)]

Other Threads:
=>0x00007fcc200d5000 VMThread "VM Thread" [stack: 0x00007fcc04225000,0x00007fcc04325000] [id=5080]
  0x00007fcc2016d000 WatcherThread [stack: 0x00007fcbdf71c000,0x00007fcbdf81c000] [id=5088]
  0x00007fcc20028000 GCTaskThread "GC Thread#0" [stack: 0x00007fcc26112000,0x00007fcc26212000] [id=5070]
  0x00007fcc20029800 GCTaskThread "GC Thread#1" [stack: 0x00007fcc26010000,0x00007fcc26110000] [id=5071]
  0x00007fcc20041000 ConcurrentGCThread "G1 Main Marker" [stack: 0x00007fcc2470c000,0x00007fcc2480c000] [id=5072]
  0x00007fcc20042800 ConcurrentGCThread "G1 Conc#0" [stack: 0x00007fcc2460a000,0x00007fcc2470a000] [id=5073]
  0x00007fcc20074800 ConcurrentGCThread "G1 Refine#0" [stack: 0x00007fcc24306000,0x00007fcc24406000] [id=5074]
  0x00007fcc20076000 ConcurrentGCThread "G1 Refine#1" [stack: 0x00007fcc24204000,0x00007fcc24304000] [id=5075]
  0x00007fcc20077800 ConcurrentGCThread "G1 Young RemSet Sampling" [stack: 0x00007fcc24102000,0x00007fcc24202000] [id=5076]

Threads with active compile tasks:
C2 CompilerThread013504       4       com.android.tools.r8.org.objectweb.asm.Type::getType (269 bytes)
C1 CompilerThread113509       2       com.android.tools.r8.graph.DexDebugEventBuilder::emitDebugPosition (192 bytes)

VM state:at safepoint (normal execution)

VM Mutex/Monitor currently owned by a thread:  ([mutex/lock_event])
[0x00007fcc2000dd70] Threads_lock - owner thread: 0x00007fcc200d5000
[0x00007fcc2000e310] Heap_lock - owner thread: 0x000055fe39e4b000

Heap address: 0x00000000c0000000, size: 1024 MB, Compressed Oops mode: 32-bit
Narrow klass base: 0x0000000000000000, Narrow klass shift: 3
Compressed class space size: 1073741824 Address: 0x0000000100000000

Heap:
 garbage-first heap   total 369664K, used 92769K [0x00000000c0000000, 0x0000000100000000)
  region size 1024K, 1 young (1024K), 1 survivors (1024K)
 Metaspace       used 88468K, capacity 90291K, committed 90832K, reserved 1128448K
  class space    used 10277K, capacity 10964K, committed 11008K, reserved 1048576K
Heap Regions: E=young(eden), S=young(survivor), O=old, HS=humongous(starts), HC=humongous(continues), CS=collection set, F=free, A=archive, TS=gc time stamp, AC=allocation context, TAMS=top-at-mark-start (previous, next)
|   0|0x00000000c0000000, 0x00000000c0100000, 0x00000000c0100000|100%| O|  |TS  0|AC  0|TAMS 0x00000000c0100000, 0x00000000c0100000|
|   1|0x00000000c0100000, 0x00000000c0200000, 0x00000000c0200000|100%| O|  |TS  0|AC  0|TAMS 0x00000000c0200000, 0x00000000c0200000|
|   2|0x00000000c0200000, 0x00000000c0300000, 0x00000000c0300000|100%|HS|  |TS  0|AC  0|TAMS 0x00000000c0300000, 0x00000000c0300000|
|   3|0x00000000c0300000, 0x00000000c0400000, 0x00000000c0400000|100%|HC|  |TS  0|AC  0|TAMS 0x00000000c0400000, 0x00000000c0400000|
|   4|0x00000000c0400000, 0x00000000c0500000, 0x00000000c0500000|100%| O|  |TS  0|AC  0|TAMS 0x00000000c0500000, 0x00000000c0500000|
|   5|0x00000000c0500000, 0x00000000c0600000, 0x00000000c0600000|100%| O|  |TS  0|AC  0|TAMS 0x00000000c0600000, 0x00000000c0600000|
|   6|0x00000000c0600000, 0x00000000c0700000, 0x00000000c0700000|100%| O|  |TS  0|AC  0|TAMS 0x00000000c0700000, 0x00000000c0700000|
|   7|0x00000000c0700000, 0x00000000c0800000, 0x00000000c0800000|100%| O|  |TS  0|AC  0|TAMS 0x00000000c0800000, 0x00000000c0800000|
|   8|0x00000000c0800000, 0x00000000c0900000, 0x00000000c0900000|100%| O|  |TS  0|AC  0|TAMS 0x00000000c0900000, 0x00000000c0900000|
|   9|0x00000000c0900000, 0x00000000c0a00000, 0x00000000c0a00000|100%| O|  |TS  0|AC  0|TAMS 0x00000000c0a00000, 0x00000000c0a00000|
|  10|0x00000000c0a00000, 0x00000000c0b00000, 0x00000000c0b00000|100%| O|  |TS  0|AC  0|TAMS 0x00000000c0b00000, 0x00000000c0b00000|
|  11|0x00000000c0b00000, 0x00000000c0c00000, 0x00000000c0c00000|100%| O|  |TS  0|AC  0|TAMS 0x00000000c0c00000, 0x00000000c0c00000|
|  12|0x00000000c0c00000, 0x00000000c0d00000, 0x00000000c0d00000|100%| O|  |TS  0|AC  0|TAMS 0x00000000c0d00000, 0x00000000c0d00000|
|  13|0x00000000c0d00000, 0x00000000c0e00000, 0x00000000c0e00000|100%| O|  |TS  0|AC  0|TAMS 0x00000000c0e00000, 0x00000000c0e00000|
|  14|0x00000000c0e00000, 0x00000000c0f00000, 0x00000000c0f00000|100%| O|  |TS  0|AC  0|TAMS 0x00000000c0f00000, 0x00000000c0f00000|
|  15|0x00000000c0f00000, 0x00000000c1000000, 0x00000000c1000000|100%| O|  |TS  0|AC  0|TAMS 0x00000000c1000000, 0x00000000c1000000|
|  16|0x00000000c1000000, 0x00000000c1100000, 0x00000000c1100000|100%| O|  |TS  0|AC  0|TAMS 0x00000000c1100000, 0x00000000c1100000|
|  17|0x00000000c1100000, 0x00000000c1200000, 0x00000000c1200000|100%| O|  |TS  0|AC  0|TAMS 0x00000000c1200000, 0x00000000c1200000|
|  18|0x00000000c1200000, 0x00000000c1300000, 0x00000000c1300000|100%| O|  |TS  0|AC  0|TAMS 0x00000000c1300000, 0x00000000c1300000|
|  19|0x00000000c1300000, 0x00000000c1400000, 0x00000000c1400000|100%|HS|  |TS  0|AC  0|TAMS 0x00000000c1400000, 0x00000000c1400000|
|  20|0x00000000c1400000, 0x00000000c1500000, 0x00000000c1500000|100%|HC|  |TS  0|AC  0|TAMS 0x00000000c1500000, 0x00000000c1500000|
|  21|0x00000000c1500000, 0x00000000c1600000, 0x00000000c1600000|100%| O|  |TS  0|AC  0|TAMS 0x00000000c1600000, 0x00000000c1600000|
|  22|0x00000000c1600000, 0x00000000c1700000, 0x00000000c1700000|100%|HS|  |TS  0|AC  0|TAMS 0x00000000c1700000, 0x00000000c1700000|
|  23|0x00000000c1700000, 0x00000000c1800000, 0x00000000c1800000|100%|HC|  |TS  0|AC  0|TAMS 0x00000000c1800000, 0x00000000c1800000|
|  24|0x00000000c1800000, 0x00000000c1900000, 0x00000000c1900000|100%| O|  |TS  0|AC  0|TAMS 0x00000000c1900000, 0x00000000c1900000|
|  25|0x00000000c1900000, 0x00000000c1a00000, 0x00000000c1a00000|100%| O|  |TS  0|AC  0|TAMS 0x00000000c1a00000, 0x00000000c1a00000|
|  26|0x00000000c1a00000, 0x00000000c1b00000, 0x00000000c1b00000|100%| O|  |TS  0|AC  0|TAMS 0x00000000c1b00000, 0x00000000c1b00000|
|  27|0x00000000c1b00000, 0x00000000c1c00000, 0x00000000c1c00000|100%| O|  |TS  0|AC  0|TAMS 0x00000000c1c00000, 0x00000000c1c00000|
|  28|0x00000000c1c00000, 0x00000000c1d00000, 0x00000000c1d00000|100%| O|  |TS  0|AC  0|TAMS 0x00000000c1d00000, 0x00000000c1d00000|
|  29|0x00000000c1d00000, 0x00000000c1e00000, 0x00000000c1e00000|100%| O|  |TS  0|AC  0|TAMS 0x00000000c1e00000, 0x00000000c1e00000|
|  30|0x00000000c1e00000, 0x00000000c1f00000, 0x00000000c1f00000|100%| O|  |TS  0|AC  0|TAMS 0x00000000c1f00000, 0x00000000c1f00000|
|  31|0x00000000c1f00000, 0x00000000c2000000, 0x00000000c2000000|100%| O|  |TS  0|AC  0|TAMS 0x00000000c2000000, 0x00000000c2000000|
|  32|0x00000000c2000000, 0x00000000c2100000, 0x00000000c2100000|100%| O|  |TS  0|AC  0|TAMS 0x00000000c2100000, 0x00000000c2100000|
|  33|0x00000000c2100000, 0x00000000c2200000, 0x00000000c2200000|100%| O|  |TS  0|AC  0|TAMS 0x00000000c2200000, 0x00000000c2200000|
|  34|0x00000000c2200000, 0x00000000c2300000, 0x00000000c2300000|100%| O|  |TS  0|AC  0|TAMS 0x00000000c2300000, 0x00000000c2300000|
|  35|0x00000000c2300000, 0x00000000c2400000, 0x00000000c2400000|100%| O|  |TS  0|AC  0|TAMS 0x00000000c2400000, 0x00000000c2400000|
|  36|0x00000000c2400000, 0x00000000c2500000, 0x00000000c2500000|100%| O|  |TS  0|AC  0|TAMS 0x00000000c2500000, 0x00000000c2500000|
|  37|0x00000000c2500000, 0x00000000c2600000, 0x00000000c2600000|100%| O|  |TS  0|AC  0|TAMS 0x00000000c2600000, 0x00000000c2600000|
|  38|0x00000000c2600000, 0x00000000c2700000, 0x00000000c2700000|100%| O|  |TS  0|AC  0|TAMS 0x00000000c2700000, 0x00000000c2700000|
|  39|0x00000000c2700000, 0x00000000c2800000, 0x00000000c2800000|100%| O|  |TS  0|AC  0|TAMS 0x00000000c2800000, 0x00000000c2800000|
|  40|0x00000000c2800000, 0x00000000c2900000, 0x00000000c2900000|100%| O|  |TS  0|AC  0|TAMS 0x00000000c2900000, 0x00000000c2900000|
|  41|0x00000000c2900000, 0x00000000c2a00000, 0x00000000c2a00000|100%| O|  |TS  0|AC  0|TAMS 0x00000000c2a00000, 0x00000000c2a00000|
|  42|0x00000000c2a00000, 0x00000000c2b00000, 0x00000000c2b00000|100%| O|  |TS  0|AC  0|TAMS 0x00000000c2b00000, 0x00000000c2b00000|
|  43|0x00000000c2b00000, 0x00000000c2c00000, 0x00000000c2c00000|100%| O|  |TS  0|AC  0|TAMS 0x00000000c2c00000, 0x00000000c2c00000|
|  44|0x00000000c2c00000, 0x00000000c2d00000, 0x00000000c2d00000|100%|HS|  |TS  0|AC  0|TAMS 0x00000000c2c00000, 0x00000000c2c00000|
|  45|0x00000000c2d00000, 0x00000000c2e00000, 0x00000000c2e00000|100%| O|  |TS 14|AC  0|TAMS 0x00000000c2d00000, 0x00000000c2d00000|
|  46|0x00000000c2e00000, 0x00000000c2f00000, 0x00000000c2f00000|100%| O|  |TS  0|AC  0|TAMS 0x00000000c2f00000, 0x00000000c2f00000|
|  47|0x00000000c2f00000, 0x00000000c3000000, 0x00000000c3000000|100%| O|  |TS  0|AC  0|TAMS 0x00000000c3000000, 0x00000000c3000000|
|  48|0x00000000c3000000, 0x00000000c3100000, 0x00000000c3100000|100%| O|  |TS 15|AC  0|TAMS 0x00000000c3000000, 0x00000000c3000000|
|  49|0x00000000c3100000, 0x00000000c3200000, 0x00000000c3200000|100%| O|  |TS 14|AC  0|TAMS 0x00000000c3100000, 0x00000000c3100000|
|  50|0x00000000c3200000, 0x00000000c3300000, 0x00000000c3300000|100%| O|  |TS  0|AC  0|TAMS 0x00000000c3300000, 0x00000000c3300000|
|  51|0x00000000c3300000, 0x00000000c3400000, 0x00000000c3400000|100%| O|  |TS  0|AC  0|TAMS 0x00000000c3400000, 0x00000000c3400000|
|  52|0x00000000c3400000, 0x00000000c3500000, 0x00000000c3500000|100%| O|  |TS  0|AC  0|TAMS 0x00000000c3500000, 0x00000000c3500000|
|  53|0x00000000c3500000, 0x00000000c3600000, 0x00000000c3600000|100%| O|  |TS  0|AC  0|TAMS 0x00000000c3600000, 0x00000000c3600000|
|  54|0x00000000c3600000, 0x00000000c3700000, 0x00000000c3700000|100%| O|  |TS  0|AC  0|TAMS 0x00000000c3700000, 0x00000000c3700000|
|  55|0x00000000c3700000, 0x00000000c3800000, 0x00000000c3800000|100%| O|  |TS 13|AC  0|TAMS 0x00000000c37b6600, 0x00000000c37b6600|
|  56|0x00000000c3800000, 0x00000000c3900000, 0x00000000c3900000|100%| O|  |TS 14|AC  0|TAMS 0x00000000c3800000, 0x00000000c3800000|
|  57|0x00000000c3900000, 0x00000000c3a00000, 0x00000000c3a00000|100%| O|  |TS  0|AC  0|TAMS 0x00000000c3a00000, 0x00000000c3a00000|
|  58|0x00000000c3a00000, 0x00000000c3b00000, 0x00000000c3b00000|100%| O|  |TS  0|AC  0|TAMS 0x00000000c3b00000, 0x00000000c3b00000|
|  59|0x00000000c3b00000, 0x00000000c3c00000, 0x00000000c3c00000|100%| O|  |TS 15|AC  0|TAMS 0x00000000c3b00000, 0x00000000c3b00000|
|  60|0x00000000c3c00000, 0x00000000c3d00000, 0x00000000c3d00000|100%| O|  |TS 15|AC  0|TAMS 0x00000000c3c00000, 0x00000000c3c00000|
|  61|0x00000000c3d00000, 0x00000000c3e00000, 0x00000000c3e00000|100%|HS|  |TS  0|AC  0|TAMS 0x00000000c3d00000, 0x00000000c3d00000|
|  62|0x00000000c3e00000, 0x00000000c3f00000, 0x00000000c3f00000|100%|HC|  |TS  0|AC  0|TAMS 0x00000000c3e00000, 0x00000000c3e00000|
|  63|0x00000000c3f00000, 0x00000000c4000000, 0x00000000c4000000|100%| O|  |TS 14|AC  0|TAMS 0x00000000c3f00000, 0x00000000c3f00000|
|  64|0x00000000c4000000, 0x00000000c4100000, 0x00000000c4100000|100%| O|  |TS 14|AC  0|TAMS 0x00000000c4000000, 0x00000000c4000000|
|  65|0x00000000c4100000, 0x00000000c4200000, 0x00000000c4200000|100%| O|  |TS 14|AC  0|TAMS 0x00000000c4100000, 0x00000000c4100000|
|  66|0x00000000c4200000, 0x00000000c4300000, 0x00000000c4300000|100%| O|  |TS 14|AC  0|TAMS 0x00000000c4200000, 0x00000000c4200000|
|  67|0x00000000c4300000, 0x00000000c4400000, 0x00000000c4400000|100%| O|  |TS 15|AC  0|TAMS 0x00000000c4300000, 0x00000000c4300000|
|  68|0x00000000c4400000, 0x00000000c4500000, 0x00000000c4500000|100%| O|  |TS 16|AC  0|TAMS 0x00000000c4400000, 0x00000000c4400000|
|  69|0x00000000c4500000, 0x00000000c4600000, 0x00000000c4600000|100%| O|  |TS 16|AC  0|TAMS 0x00000000c4500000, 0x00000000c4500000|
|  70|0x00000000c4600000, 0x00000000c4700000, 0x00000000c4700000|100%| O|  |TS 17|AC  0|TAMS 0x00000000c4600000, 0x00000000c4600000|
|  71|0x00000000c4700000, 0x00000000c4800000, 0x00000000c4800000|100%| O|  |TS 17|AC  0|TAMS 0x00000000c4700000, 0x00000000c4700000|
|  72|0x00000000c4800000, 0x00000000c4900000, 0x00000000c4900000|100%| O|  |TS 19|AC  0|TAMS 0x00000000c4800000, 0x00000000c4800000|
|  73|0x00000000c4900000, 0x00000000c4a00000, 0x00000000c4a00000|100%| O|  |TS 20|AC  0|TAMS 0x00000000c4900000, 0x00000000c4900000|
|  74|0x00000000c4a00000, 0x00000000c4b00000, 0x00000000c4b00000|100%| O|  |TS 20|AC  0|TAMS 0x00000000c4a00000, 0x00000000c4a00000|
|  75|0x00000000c4b00000, 0x00000000c4c00000, 0x00000000c4c00000|100%| O|  |TS 20|AC  0|TAMS 0x00000000c4b00000, 0x00000000c4b00000|
|  76|0x00000000c4c00000, 0x00000000c4d00000, 0x00000000c4d00000|100%| O|  |TS 21|AC  0|TAMS 0x00000000c4c00000, 0x00000000c4c00000|
|  77|0x00000000c4d00000, 0x00000000c4e00000, 0x00000000c4e00000|100%| O|  |TS 21|AC  0|TAMS 0x00000000c4d00000, 0x00000000c4d00000|
|  78|0x00000000c4e00000, 0x00000000c4f00000, 0x00000000c4f00000|100%| O|  |TS 21|AC  0|TAMS 0x00000000c4e00000, 0x00000000c4e00000|
|  79|0x00000000c4f00000, 0x00000000c5000000, 0x00000000c5000000|100%| O|  |TS 21|AC  0|TAMS 0x00000000c4f00000, 0x00000000c4f00000|
|  80|0x00000000c5000000, 0x00000000c5100000, 0x00000000c5100000|100%| O|  |TS 21|AC  0|TAMS 0x00000000c5000000, 0x00000000c5000000|
|  81|0x00000000c5100000, 0x00000000c5200000, 0x00000000c5200000|100%| O|  |TS 21|AC  0|TAMS 0x00000000c5100000, 0x00000000c5100000|
|  82|0x00000000c5200000, 0x00000000c5300000, 0x00000000c5300000|100%| O|  |TS 24|AC  0|TAMS 0x00000000c5200000, 0x00000000c5200000|
|  83|0x00000000c5300000, 0x00000000c5400000, 0x00000000c5400000|100%| O|  |TS 24|AC  0|TAMS 0x00000000c5300000, 0x00000000c5300000|
|  84|0x00000000c5400000, 0x00000000c5500000, 0x00000000c5500000|100%| O|  |TS 24|AC  0|TAMS 0x00000000c5400000, 0x00000000c5400000|
|  85|0x00000000c5500000, 0x00000000c5600000, 0x00000000c5600000|100%| O|  |TS 24|AC  0|TAMS 0x00000000c5500000, 0x00000000c5500000|
|  86|0x00000000c5600000, 0x00000000c5700000, 0x00000000c5700000|100%| O|  |TS 24|AC  0|TAMS 0x00000000c5600000, 0x00000000c5600000|
|  87|0x00000000c5700000, 0x00000000c5800000, 0x00000000c5800000|100%| O|  |TS 24|AC  0|TAMS 0x00000000c5700000, 0x00000000c5700000|
|  88|0x00000000c5800000, 0x00000000c5900000, 0x00000000c5900000|100%| O|  |TS 24|AC  0|TAMS 0x00000000c5800000, 0x00000000c5800000|
|  89|0x00000000c5900000, 0x00000000c5998600, 0x00000000c5a00000| 59%| O|  |TS 24|AC  0|TAMS 0x00000000c5900000, 0x00000000c5900000|
|  90|0x00000000c5a00000, 0x00000000c5a00000, 0x00000000c5b00000|  0%| F|  |TS 18|AC  0|TAMS 0x00000000c5a00000, 0x00000000c5a00000|
|  91|0x00000000c5b00000, 0x00000000c5b00000, 0x00000000c5c00000|  0%| F|  |TS 17|AC  0|TAMS 0x00000000c5b00000, 0x00000000c5b00000|
|  92|0x00000000c5c00000, 0x00000000c5c00000, 0x00000000c5d00000|  0%| F|  |TS 17|AC  0|TAMS 0x00000000c5c00000, 0x00000000c5c00000|
|  93|0x00000000c5d00000, 0x00000000c5d00000, 0x00000000c5e00000|  0%| F|  |TS 17|AC  0|TAMS 0x00000000c5d00000, 0x00000000c5d00000|
|  94|0x00000000c5e00000, 0x00000000c5e00000, 0x00000000c5f00000|  0%| F|  |TS 17|AC  0|TAMS 0x00000000c5e00000, 0x00000000c5e00000|
|  95|0x00000000c5f00000, 0x00000000c5f00000, 0x00000000c6000000|  0%| F|  |TS 17|AC  0|TAMS 0x00000000c5f00000, 0x00000000c5f00000|
|  96|0x00000000c6000000, 0x00000000c6000000, 0x00000000c6100000|  0%| F|  |TS 17|AC  0|TAMS 0x00000000c6000000, 0x00000000c6000000|
|  97|0x00000000c6100000, 0x00000000c6100000, 0x00000000c6200000|  0%| F|  |TS 17|AC  0|TAMS 0x00000000c6100000, 0x00000000c6100000|
|  98|0x00000000c6200000, 0x00000000c6200000, 0x00000000c6300000|  0%| F|  |TS 17|AC  0|TAMS 0x00000000c6200000, 0x00000000c6200000|
|  99|0x00000000c6300000, 0x00000000c6300000, 0x00000000c6400000|  0%| F|  |TS 17|AC  0|TAMS 0x00000000c6300000, 0x00000000c6300000|
| 100|0x00000000c6400000, 0x00000000c6400000, 0x00000000c6500000|  0%| F|  |TS 17|AC  0|TAMS 0x00000000c6400000, 0x00000000c6400000|
| 101|0x00000000c6500000, 0x00000000c6500000, 0x00000000c6600000|  0%| F|  |TS 17|AC  0|TAMS 0x00000000c6500000, 0x00000000c6500000|
| 102|0x00000000c6600000, 0x00000000c6600000, 0x00000000c6700000|  0%| F|  |TS 17|AC  0|TAMS 0x00000000c6600000, 0x00000000c6600000|
| 103|0x00000000c6700000, 0x00000000c6700000, 0x00000000c6800000|  0%| F|  |TS 17|AC  0|TAMS 0x00000000c6700000, 0x00000000c6700000|
| 104|0x00000000c6800000, 0x00000000c6800000, 0x00000000c6900000|  0%| F|  |TS 17|AC  0|TAMS 0x00000000c6800000, 0x00000000c6800000|
| 105|0x00000000c6900000, 0x00000000c6900000, 0x00000000c6a00000|  0%| F|  |TS 17|AC  0|TAMS 0x00000000c6900000, 0x00000000c6900000|
| 106|0x00000000c6a00000, 0x00000000c6a00000, 0x00000000c6b00000|  0%| F|  |TS 17|AC  0|TAMS 0x00000000c6a00000, 0x00000000c6a00000|
| 107|0x00000000c6b00000, 0x00000000c6b00000, 0x00000000c6c00000|  0%| F|  |TS 17|AC  0|TAMS 0x00000000c6b00000, 0x00000000c6b00000|
| 108|0x00000000c6c00000, 0x00000000c6c00000, 0x00000000c6d00000|  0%| F|  |TS 17|AC  0|TAMS 0x00000000c6c00000, 0x00000000c6c00000|
| 109|0x00000000c6d00000, 0x00000000c6d00000, 0x00000000c6e00000|  0%| F|  |TS 17|AC  0|TAMS 0x00000000c6d00000, 0x00000000c6d00000|
| 110|0x00000000c6e00000, 0x00000000c6e00000, 0x00000000c6f00000|  0%| F|  |TS 24|AC  0|TAMS 0x00000000c6e00000, 0x00000000c6e00000|
| 111|0x00000000c6f00000, 0x00000000c6f00000, 0x00000000c7000000|  0%| F|  |TS 24|AC  0|TAMS 0x00000000c6f00000, 0x00000000c6f00000|
| 112|0x00000000c7000000, 0x00000000c7000000, 0x00000000c7100000|  0%| F|  |TS 24|AC  0|TAMS 0x00000000c7000000, 0x00000000c7000000|
| 113|0x00000000c7100000, 0x00000000c7100000, 0x00000000c7200000|  0%| F|  |TS 24|AC  0|TAMS 0x00000000c7100000, 0x00000000c7100000|
| 114|0x00000000c7200000, 0x00000000c7200000, 0x00000000c7300000|  0%| F|  |TS 24|AC  0|TAMS 0x00000000c7200000, 0x00000000c7200000|
| 115|0x00000000c7300000, 0x00000000c7300000, 0x00000000c7400000|  0%| F|  |TS 24|AC  0|TAMS 0x00000000c7300000, 0x00000000c7300000|
| 116|0x00000000c7400000, 0x00000000c7400000, 0x00000000c7500000|  0%| F|  |TS 24|AC  0|TAMS 0x00000000c7400000, 0x00000000c7400000|
| 117|0x00000000c7500000, 0x00000000c7500000, 0x00000000c7600000|  0%| F|  |TS 24|AC  0|TAMS 0x00000000c7500000, 0x00000000c7500000|
| 118|0x00000000c7600000, 0x00000000c7600000, 0x00000000c7700000|  0%| F|  |TS 23|AC  0|TAMS 0x00000000c7600000, 0x00000000c7600000|
| 119|0x00000000c7700000, 0x00000000c7700000, 0x00000000c7800000|  0%| F|  |TS 23|AC  0|TAMS 0x00000000c7700000, 0x00000000c7700000|
| 120|0x00000000c7800000, 0x00000000c7800000, 0x00000000c7900000|  0%| F|  |TS 23|AC  0|TAMS 0x00000000c7800000, 0x00000000c7800000|
| 121|0x00000000c7900000, 0x00000000c7900000, 0x00000000c7a00000|  0%| F|  |TS 23|AC  0|TAMS 0x00000000c7900000, 0x00000000c7900000|
| 122|0x00000000c7a00000, 0x00000000c7a00000, 0x00000000c7b00000|  0%| F|  |TS 23|AC  0|TAMS 0x00000000c7a00000, 0x00000000c7a00000|
| 123|0x00000000c7b00000, 0x00000000c7b00000, 0x00000000c7c00000|  0%| F|  |TS 23|AC  0|TAMS 0x00000000c7b00000, 0x00000000c7b00000|
| 124|0x00000000c7c00000, 0x00000000c7c00000, 0x00000000c7d00000|  0%| F|  |TS 23|AC  0|TAMS 0x00000000c7c00000, 0x00000000c7c00000|
| 125|0x00000000c7d00000, 0x00000000c7d00000, 0x00000000c7e00000|  0%| F|  |TS 23|AC  0|TAMS 0x00000000c7d00000, 0x00000000c7d00000|
| 126|0x00000000c7e00000, 0x00000000c7e00000, 0x00000000c7f00000|  0%| F|  |TS 23|AC  0|TAMS 0x00000000c7e00000, 0x00000000c7e00000|
| 127|0x00000000c7f00000, 0x00000000c7f00000, 0x00000000c8000000|  0%| F|  |TS 23|AC  0|TAMS 0x00000000c7f00000, 0x00000000c7f00000|
| 128|0x00000000c8000000, 0x00000000c8000000, 0x00000000c8100000|  0%| F|  |TS 23|AC  0|TAMS 0x00000000c8000000, 0x00000000c8000000|
| 129|0x00000000c8100000, 0x00000000c8100000, 0x00000000c8200000|  0%| F|  |TS 23|AC  0|TAMS 0x00000000c8100000, 0x00000000c8100000|
| 130|0x00000000c8200000, 0x00000000c8200000, 0x00000000c8300000|  0%| F|  |TS 23|AC  0|TAMS 0x00000000c8200000, 0x00000000c8200000|
| 131|0x00000000c8300000, 0x00000000c8300000, 0x00000000c8400000|  0%| F|  |TS 23|AC  0|TAMS 0x00000000c8300000, 0x00000000c8300000|
| 132|0x00000000c8400000, 0x00000000c8400000, 0x00000000c8500000|  0%| F|  |TS 23|AC  0|TAMS 0x00000000c8400000, 0x00000000c8400000|
| 133|0x00000000c8500000, 0x00000000c8500000, 0x00000000c8600000|  0%| F|  |TS 23|AC  0|TAMS 0x00000000c8500000, 0x00000000c8500000|
| 134|0x00000000c8600000, 0x00000000c8600000, 0x00000000c8700000|  0%| F|  |TS 23|AC  0|TAMS 0x00000000c8600000, 0x00000000c8600000|
| 135|0x00000000c8700000, 0x00000000c8700000, 0x00000000c8800000|  0%| F|  |TS 23|AC  0|TAMS 0x00000000c8700000, 0x00000000c8700000|
| 136|0x00000000c8800000, 0x00000000c8800000, 0x00000000c8900000|  0%| F|  |TS 23|AC  0|TAMS 0x00000000c8800000, 0x00000000c8800000|
| 137|0x00000000c8900000, 0x00000000c8900000, 0x00000000c8a00000|  0%| F|  |TS 23|AC  0|TAMS 0x00000000c8900000, 0x00000000c8900000|
| 138|0x00000000c8a00000, 0x00000000c8a00000, 0x00000000c8b00000|  0%| F|  |TS 23|AC  0|TAMS 0x00000000c8a00000, 0x00000000c8a00000|
| 139|0x00000000c8b00000, 0x00000000c8b00000, 0x00000000c8c00000|  0%| F|  |TS 23|AC  0|TAMS 0x00000000c8b00000, 0x00000000c8b00000|
| 140|0x00000000c8c00000, 0x00000000c8c00000, 0x00000000c8d00000|  0%| F|  |TS 23|AC  0|TAMS 0x00000000c8c00000, 0x00000000c8c00000|
| 141|0x00000000c8d00000, 0x00000000c8d00000, 0x00000000c8e00000|  0%| F|  |TS 23|AC  0|TAMS 0x00000000c8d00000, 0x00000000c8d00000|
| 142|0x00000000c8e00000, 0x00000000c8e00000, 0x00000000c8f00000|  0%| F|  |TS 23|AC  0|TAMS 0x00000000c8e00000, 0x00000000c8e00000|
| 143|0x00000000c8f00000, 0x00000000c8f00000, 0x00000000c9000000|  0%| F|  |TS 23|AC  0|TAMS 0x00000000c8f00000, 0x00000000c8f00000|
| 144|0x00000000c9000000, 0x00000000c9000000, 0x00000000c9100000|  0%| F|  |TS 23|AC  0|TAMS 0x00000000c9000000, 0x00000000c9000000|
| 145|0x00000000c9100000, 0x00000000c9100000, 0x00000000c9200000|  0%| F|  |TS 23|AC  0|TAMS 0x00000000c9100000, 0x00000000c9100000|
| 146|0x00000000c9200000, 0x00000000c9200000, 0x00000000c9300000|  0%| F|  |TS 23|AC  0|TAMS 0x00000000c9200000, 0x00000000c9200000|
| 147|0x00000000c9300000, 0x00000000c9300000, 0x00000000c9400000|  0%| F|  |TS 23|AC  0|TAMS 0x00000000c9300000, 0x00000000c9300000|
| 148|0x00000000c9400000, 0x00000000c9400000, 0x00000000c9500000|  0%| F|  |TS 23|AC  0|TAMS 0x00000000c9400000, 0x00000000c9400000|
| 149|0x00000000c9500000, 0x00000000c9500000, 0x00000000c9600000|  0%| F|  |TS 23|AC  0|TAMS 0x00000000c9500000, 0x00000000c9500000|
| 150|0x00000000c9600000, 0x00000000c9600000, 0x00000000c9700000|  0%| F|  |TS 23|AC  0|TAMS 0x00000000c9600000, 0x00000000c9600000|
| 151|0x00000000c9700000, 0x00000000c9700000, 0x00000000c9800000|  0%| F|  |TS 23|AC  0|TAMS 0x00000000c9700000, 0x00000000c9700000|
| 152|0x00000000c9800000, 0x00000000c9800000, 0x00000000c9900000|  0%| F|  |TS 23|AC  0|TAMS 0x00000000c9800000, 0x00000000c9800000|
| 153|0x00000000c9900000, 0x00000000c9900000, 0x00000000c9a00000|  0%| F|  |TS 23|AC  0|TAMS 0x00000000c9900000, 0x00000000c9900000|
| 154|0x00000000c9a00000, 0x00000000c9a00000, 0x00000000c9b00000|  0%| F|  |TS 23|AC  0|TAMS 0x00000000c9a00000, 0x00000000c9a00000|
| 155|0x00000000c9b00000, 0x00000000c9b00000, 0x00000000c9c00000|  0%| F|  |TS 23|AC  0|TAMS 0x00000000c9b00000, 0x00000000c9b00000|
| 156|0x00000000c9c00000, 0x00000000c9c00000, 0x00000000c9d00000|  0%| F|  |TS 23|AC  0|TAMS 0x00000000c9c00000, 0x00000000c9c00000|
| 157|0x00000000c9d00000, 0x00000000c9d00000, 0x00000000c9e00000|  0%| F|  |TS 23|AC  0|TAMS 0x00000000c9d00000, 0x00000000c9d00000|
| 158|0x00000000c9e00000, 0x00000000c9e00000, 0x00000000c9f00000|  0%| F|  |TS 23|AC  0|TAMS 0x00000000c9e00000, 0x00000000c9e00000|
| 159|0x00000000c9f00000, 0x00000000c9f00000, 0x00000000ca000000|  0%| F|  |TS 23|AC  0|TAMS 0x00000000c9f00000, 0x00000000c9f00000|
| 160|0x00000000ca000000, 0x00000000ca000000, 0x00000000ca100000|  0%| F|  |TS 23|AC  0|TAMS 0x00000000ca000000, 0x00000000ca000000|
| 161|0x00000000ca100000, 0x00000000ca100000, 0x00000000ca200000|  0%| F|  |TS 23|AC  0|TAMS 0x00000000ca100000, 0x00000000ca100000|
| 162|0x00000000ca200000, 0x00000000ca200000, 0x00000000ca300000|  0%| F|  |TS 23|AC  0|TAMS 0x00000000ca200000, 0x00000000ca200000|
| 163|0x00000000ca300000, 0x00000000ca300000, 0x00000000ca400000|  0%| F|  |TS 23|AC  0|TAMS 0x00000000ca300000, 0x00000000ca300000|
| 164|0x00000000ca400000, 0x00000000ca400000, 0x00000000ca500000|  0%| F|  |TS 23|AC  0|TAMS 0x00000000ca400000, 0x00000000ca400000|
| 165|0x00000000ca500000, 0x00000000ca500000, 0x00000000ca600000|  0%| F|  |TS 23|AC  0|TAMS 0x00000000ca500000, 0x00000000ca500000|
| 166|0x00000000ca600000, 0x00000000ca600000, 0x00000000ca700000|  0%| F|  |TS 23|AC  0|TAMS 0x00000000ca600000, 0x00000000ca600000|
| 167|0x00000000ca700000, 0x00000000ca700000, 0x00000000ca800000|  0%| F|  |TS 23|AC  0|TAMS 0x00000000ca700000, 0x00000000ca700000|
| 168|0x00000000ca800000, 0x00000000ca800000, 0x00000000ca900000|  0%| F|  |TS 23|AC  0|TAMS 0x00000000ca800000, 0x00000000ca800000|
| 169|0x00000000ca900000, 0x00000000ca900000, 0x00000000caa00000|  0%| F|  |TS 23|AC  0|TAMS 0x00000000ca900000, 0x00000000ca900000|
| 170|0x00000000caa00000, 0x00000000caa00000, 0x00000000cab00000|  0%| F|  |TS 23|AC  0|TAMS 0x00000000caa00000, 0x00000000caa00000|
| 171|0x00000000cab00000, 0x00000000cab00000, 0x00000000cac00000|  0%| F|  |TS 23|AC  0|TAMS 0x00000000cab00000, 0x00000000cab00000|
| 172|0x00000000cac00000, 0x00000000cac00000, 0x00000000cad00000|  0%| F|  |TS 23|AC  0|TAMS 0x00000000cac00000, 0x00000000cac00000|
| 173|0x00000000cad00000, 0x00000000cad00000, 0x00000000cae00000|  0%| F|  |TS 23|AC  0|TAMS 0x00000000cad00000, 0x00000000cad00000|
| 174|0x00000000cae00000, 0x00000000cae00000, 0x00000000caf00000|  0%| F|  |TS 23|AC  0|TAMS 0x00000000cae00000, 0x00000000cae00000|
| 175|0x00000000caf00000, 0x00000000caf00000, 0x00000000cb000000|  0%| F|  |TS 23|AC  0|TAMS 0x00000000caf00000, 0x00000000caf00000|
| 176|0x00000000cb000000, 0x00000000cb000000, 0x00000000cb100000|  0%| F|  |TS 23|AC  0|TAMS 0x00000000cb000000, 0x00000000cb000000|
| 177|0x00000000cb100000, 0x00000000cb100000, 0x00000000cb200000|  0%| F|  |TS 23|AC  0|TAMS 0x00000000cb100000, 0x00000000cb100000|
| 178|0x00000000cb200000, 0x00000000cb200000, 0x00000000cb300000|  0%| F|  |TS 23|AC  0|TAMS 0x00000000cb200000, 0x00000000cb200000|
| 179|0x00000000cb300000, 0x00000000cb300000, 0x00000000cb400000|  0%| F|  |TS 23|AC  0|TAMS 0x00000000cb300000, 0x00000000cb300000|
| 180|0x00000000cb400000, 0x00000000cb400000, 0x00000000cb500000|  0%| F|  |TS 23|AC  0|TAMS 0x00000000cb400000, 0x00000000cb400000|
| 181|0x00000000cb500000, 0x00000000cb500000, 0x00000000cb600000|  0%| F|  |TS 23|AC  0|TAMS 0x00000000cb500000, 0x00000000cb500000|
| 182|0x00000000cb600000, 0x00000000cb600000, 0x00000000cb700000|  0%| F|  |TS 23|AC  0|TAMS 0x00000000cb600000, 0x00000000cb600000|
| 183|0x00000000cb700000, 0x00000000cb700000, 0x00000000cb800000|  0%| F|  |TS 23|AC  0|TAMS 0x00000000cb700000, 0x00000000cb700000|
| 184|0x00000000cb800000, 0x00000000cb800000, 0x00000000cb900000|  0%| F|  |TS 23|AC  0|TAMS 0x00000000cb800000, 0x00000000cb800000|
| 185|0x00000000cb900000, 0x00000000cb900000, 0x00000000cba00000|  0%| F|  |TS 23|AC  0|TAMS 0x00000000cb900000, 0x00000000cb900000|
| 186|0x00000000cba00000, 0x00000000cba00000, 0x00000000cbb00000|  0%| F|  |TS 23|AC  0|TAMS 0x00000000cba00000, 0x00000000cba00000|
| 187|0x00000000cbb00000, 0x00000000cbb00000, 0x00000000cbc00000|  0%| F|  |TS 23|AC  0|TAMS 0x00000000cbb00000, 0x00000000cbb00000|
| 188|0x00000000cbc00000, 0x00000000cbc00000, 0x00000000cbd00000|  0%| F|  |TS 23|AC  0|TAMS 0x00000000cbc00000, 0x00000000cbc00000|
| 189|0x00000000cbd00000, 0x00000000cbd00000, 0x00000000cbe00000|  0%| F|  |TS 23|AC  0|TAMS 0x00000000cbd00000, 0x00000000cbd00000|
| 190|0x00000000cbe00000, 0x00000000cbe00000, 0x00000000cbf00000|  0%| F|  |TS 23|AC  0|TAMS 0x00000000cbe00000, 0x00000000cbe00000|
| 191|0x00000000cbf00000, 0x00000000cbf00000, 0x00000000cc000000|  0%| F|  |TS 23|AC  0|TAMS 0x00000000cbf00000, 0x00000000cbf00000|
| 192|0x00000000cc000000, 0x00000000cc000000, 0x00000000cc100000|  0%| F|  |TS 23|AC  0|TAMS 0x00000000cc000000, 0x00000000cc000000|
| 193|0x00000000cc100000, 0x00000000cc200000, 0x00000000cc200000|100%| S|CS|TS 24|AC  0|TAMS 0x00000000cc100000, 0x00000000cc100000|
| 194|0x00000000cc200000, 0x00000000cc200000, 0x00000000cc300000|  0%| F|  |TS 24|AC  0|TAMS 0x00000000cc200000, 0x00000000cc200000|

Card table byte_map: [0x00007fcc25a0c000,0x00007fcc25c0c000] byte_map_base: 0x00007fcc2540c000

Marking Bits (Prev, Next): (CMBitMap*) 0x00007fcc20040290, (CMBitMap*) 0x00007fcc200402c8
 Prev Bits: [0x00007fcc2480c000, 0x00007fcc2580c000)
 Next Bits: [0x00007fcc06b25000, 0x00007fcc07b25000)

Polling page: 0x00007fcc2a102000

CodeHeap 'non-profiled nmethods': size=120036Kb used=6766Kb max_used=6766Kb free=113269Kb
 bounds [0x00007fcc0f5ec000, 0x00007fcc0fc8c000, 0x00007fcc16b25000]
CodeHeap 'profiled nmethods': size=120032Kb used=26448Kb max_used=26448Kb free=93583Kb
 bounds [0x00007fcc080b4000, 0x00007fcc09a94000, 0x00007fcc0f5ec000]
CodeHeap 'non-nmethods': size=5692Kb used=2248Kb max_used=2298Kb free=3444Kb
 bounds [0x00007fcc07b25000, 0x00007fcc07d95000, 0x00007fcc080b4000]
 total_blobs=17030 nmethods=12680 adapters=787
 compilation: enabled

Compilation events (10 events):
Event: 407,965 Thread 0x00007fcc200fc000 nmethod 13505 0x00007fcc09a8f390 code [0x00007fcc09a8f560, 0x00007fcc09a8f798]
Event: 407,965 Thread 0x00007fcc200fc000 13507       2       com.android.tools.r8.ir.optimize.PeepholeOptimizer::removeRedundantInstructions (336 bytes)
Event: 407,967 Thread 0x00007fcc200fa000 nmethod 13437 0x00007fcc0fc87490 code [0x00007fcc0fc87640, 0x00007fcc0fc87778]
Event: 407,967 Thread 0x00007fcc200fa000 13504       4       com.android.tools.r8.org.objectweb.asm.Type::getType (269 bytes)
Event: 407,980 Thread 0x00007fcc200fc000 nmethod 13507 0x00007fcc09a8f910 code [0x00007fcc09a8fd00, 0x00007fcc09a90f48]
Event: 407,981 Thread 0x00007fcc200fc000 13511       1       com.android.tools.r8.ir.code.Invoke::asInvoke (2 bytes)
Event: 407,981 Thread 0x00007fcc200fc000 nmethod 13511 0x00007fcc0fc87910 code [0x00007fcc0fc87ac0, 0x00007fcc0fc87bd0]
Event: 407,981 Thread 0x00007fcc200fc000 13516       2       com.android.tools.r8.ir.conversion.IRBuilder::addInvoke (117 bytes)
Event: 407,982 Thread 0x00007fcc200fc000 nmethod 13516 0x00007fcc09a91c10 code [0x00007fcc09a91e60, 0x00007fcc09a92488]
Event: 407,982 Thread 0x00007fcc200fc000 13509       2       com.android.tools.r8.graph.DexDebugEventBuilder::emitDebugPosition (192 bytes)

GC Heap History (10 events):
Event: 373,452 GC heap after
{Heap after GC invocations=71 (full 0):
 garbage-first heap   total 199680K, used 82183K [0x00000000c0000000, 0x0000000100000000)
  region size 1024K, 7 young (7168K), 7 survivors (7168K)
 Metaspace       used 80732K, capacity 82483K, committed 83024K, reserved 1122304K
  class space    used 9356K, capacity 10008K, committed 10112K, reserved 1048576K
}
Event: 385,897 GC heap before
{Heap before GC invocations=71 (full 0):
 garbage-first heap   total 199680K, used 142599K [0x00000000c0000000, 0x0000000100000000)
  region size 1024K, 66 young (67584K), 7 survivors (7168K)
 Metaspace       used 80823K, capacity 82514K, committed 83024K, reserved 1122304K
  class space    used 9366K, capacity 10016K, committed 10112K, reserved 1048576K
}
Event: 386,993 GC heap after
{Heap after GC invocations=72 (full 0):
 garbage-first heap   total 199680K, used 85150K [0x00000000c0000000, 0x0000000100000000)
  region size 1024K, 7 young (7168K), 7 survivors (7168K)
 Metaspace       used 80823K, capacity 82514K, committed 83024K, reserved 1122304K
  class space    used 9366K, capacity 10016K, committed 10112K, reserved 1048576K
}
Event: 388,545 GC heap before
{Heap before GC invocations=72 (full 0):
 garbage-first heap   total 199680K, used 87198K [0x00000000c0000000, 0x0000000100000000)
  region size 1024K, 9 young (9216K), 7 survivors (7168K)
 Metaspace       used 80908K, capacity 82586K, committed 83024K, reserved 1122304K
  class space    used 9378K, capacity 10019K, committed 10112K, reserved 1048576K
}
Event: 388,572 GC heap after
{Heap after GC invocations=73 (full 0):
 garbage-first heap   total 199680K, used 84992K [0x00000000c0000000, 0x0000000100000000)
  region size 1024K, 1 young (1024K), 1 survivors (1024K)
 Metaspace       used 80908K, capacity 82586K, committed 83024K, reserved 1122304K
  class space    used 9378K, capacity 10019K, committed 10112K, reserved 1048576K
}
Event: 393,342 GC heap before
{Heap before GC invocations=73 (full 0):
 garbage-first heap   total 199680K, used 96256K [0x00000000c0000000, 0x0000000100000000)
  region size 1024K, 9 young (9216K), 1 survivors (1024K)
 Metaspace       used 81588K, capacity 83291K, committed 83792K, reserved 1122304K
  class space    used 9466K, capacity 10106K, committed 10112K, reserved 1048576K
}
Event: 393,362 GC heap after
{Heap after GC invocations=74 (full 0):
 garbage-first heap   total 199680K, used 84915K [0x00000000c0000000, 0x0000000100000000)
  region size 1024K, 1 young (1024K), 1 survivors (1024K)
 Metaspace       used 81588K, capacity 83291K, committed 83792K, reserved 1122304K
  class space    used 9466K, capacity 10106K, committed 10112K, reserved 1048576K
}
Event: 407,099 GC heap before
{Heap before GC invocations=74 (full 0):
 garbage-first heap   total 199680K, used 163763K [0x00000000c0000000, 0x0000000100000000)
  region size 1024K, 77 young (78848K), 1 survivors (1024K)
 Metaspace       used 88451K, capacity 90227K, committed 90832K, reserved 1128448K
  class space    used 10277K, capacity 10964K, committed 11008K, reserved 1048576K
}
Event: 407,947 GC heap after
{Heap after GC invocations=75 (full 0):
 garbage-first heap   total 199680K, used 91930K [0x00000000c0000000, 0x0000000100000000)
  region size 1024K, 8 young (8192K), 8 survivors (8192K)
 Metaspace       used 88451K, capacity 90227K, committed 90832K, reserved 1128448K
  class space    used 10277K, capacity 10964K, committed 11008K, reserved 1048576K
}
Event: 407,992 GC heap before
{Heap before GC invocations=75 (full 0):
 garbage-first heap   total 199680K, used 92954K [0x00000000c0000000, 0x0000000100000000)
  region size 1024K, 9 young (9216K), 8 survivors (8192K)
 Metaspace       used 88468K, capacity 90291K, committed 90832K, reserved 1128448K
  class space    used 10277K, capacity 10964K, committed 11008K, reserved 1048576K
}

Deoptimization events (10 events):
Event: 394,471 Thread 0x00007fcbecf56000 Uncommon trap: reason=bimorphic_or_optimized_type_check action=maybe_recompile pc=0x00007fcc0f79f50c method=java.util.zip.InflaterInputStream.fill()V @ 19 c2
Event: 394,472 Thread 0x00007fcbecf56000 Uncommon trap: reason=bimorphic_or_optimized_type_check action=maybe_recompile pc=0x00007fcc0f79f50c method=java.util.zip.InflaterInputStream.fill()V @ 19 c2
Event: 394,477 Thread 0x00007fcbecf56000 Uncommon trap: reason=bimorphic_or_optimized_type_check action=maybe_recompile pc=0x00007fcc0f79f50c method=java.util.zip.InflaterInputStream.fill()V @ 19 c2
Event: 394,477 Thread 0x00007fcbecf56000 Uncommon trap: reason=bimorphic_or_optimized_type_check action=maybe_recompile pc=0x00007fcc0f79f50c method=java.util.zip.InflaterInputStream.fill()V @ 19 c2
Event: 400,972 Thread 0x000055fe39e4b000 Uncommon trap: reason=unstable_if action=reinterpret pc=0x00007fcc0f884afc method=java.util.concurrent.ConcurrentHashMap.computeIfAbsent(Ljava/lang/Object;Ljava/util/function/Function;)Ljava/lang/Object; @ 312 c2
Event: 401,019 Thread 0x000055fe39e4b000 Uncommon trap: reason=unstable_if action=reinterpret pc=0x00007fcc0fad7c50 method=java.util.concurrent.ConcurrentHashMap.putVal(Ljava/lang/Object;Ljava/lang/Object;Z)Ljava/lang/Object; @ 112 c2
Event: 401,168 Thread 0x000055fe39e4b000 Uncommon trap: reason=unstable_if action=reinterpret pc=0x00007fcc0f630090 method=java.util.concurrent.ConcurrentHashMap.transfer([Ljava/util/concurrent/ConcurrentHashMap$Node;[Ljava/util/concurrent/ConcurrentHashMap$Node;)V @ 34 c2
Event: 401,169 Thread 0x000055fe39e4b000 Uncommon trap: reason=unstable_if action=reinterpret pc=0x00007fcc0f65d548 method=java.util.concurrent.ConcurrentHashMap.transfer([Ljava/util/concurrent/ConcurrentHashMap$Node;[Ljava/util/concurrent/ConcurrentHashMap$Node;)V @ 273 c2
Event: 401,169 Thread 0x000055fe39e4b000 Uncommon trap: reason=unstable_if action=reinterpret pc=0x00007fcc0f6187fc method=java.util.concurrent.ConcurrentHashMap.addCount(JI)V @ 168 c2
Event: 401,289 Thread 0x000055fe39e4b000 Uncommon trap: reason=unstable_if action=reinterpret pc=0x00007fcc0fa40ec0 method=java.util.concurrent.ConcurrentLinkedQueue.offer(Ljava/lang/Object;)Z @ 42 c2

Classes redefined (0 events):
No events

Internal exceptions (10 events):
Event: 402,523 Thread 0x00007fcbd8039800 Exception <a 'sun/nio/fs/UnixException'{0x00000000c996a470}> (0x00000000c996a470) thrown at [/build/openjdk-lts-Ae5PRQ/openjdk-lts-10.0.2+13/src/hotspot/share/prims/jni.cpp, line 611]
Event: 402,743 Thread 0x00007fcbd8039800 Exception <a 'sun/nio/fs/UnixException'{0x00000000c998e310}> (0x00000000c998e310) thrown at [/build/openjdk-lts-Ae5PRQ/openjdk-lts-10.0.2+13/src/hotspot/share/prims/jni.cpp, line 611]
Event: 402,934 Thread 0x00007fcbd8039800 Exception <a 'sun/nio/fs/UnixException'{0x00000000c99b4f00}> (0x00000000c99b4f00) thrown at [/build/openjdk-lts-Ae5PRQ/openjdk-lts-10.0.2+13/src/hotspot/share/prims/jni.cpp, line 611]
Event: 403,001 Thread 0x00007fcbd8039800 Exception <a 'sun/nio/fs/UnixException'{0x00000000c9799700}> (0x00000000c9799700) thrown at [/build/openjdk-lts-Ae5PRQ/openjdk-lts-10.0.2+13/src/hotspot/share/prims/jni.cpp, line 611]
Event: 403,202 Thread 0x00007fcbd8039800 Exception <a 'sun/nio/fs/UnixException'{0x00000000c97bddc0}> (0x00000000c97bddc0) thrown at [/build/openjdk-lts-Ae5PRQ/openjdk-lts-10.0.2+13/src/hotspot/share/prims/jni.cpp, line 611]
Event: 403,322 Thread 0x000055fe39e4c000 Exception <a 'java/lang/NoSuchMethodError'{0x00000000c96777e0}: method resolution failed> (0x00000000c96777e0) thrown at [/build/openjdk-lts-Ae5PRQ/openjdk-lts-10.0.2+13/src/hotspot/share/prims/methodHandles.cpp, line 1226]
Event: 403,711 Thread 0x00007fcbd8039800 Exception <a 'sun/nio/fs/UnixException'{0x00000000c97e8f00}> (0x00000000c97e8f00) thrown at [/build/openjdk-lts-Ae5PRQ/openjdk-lts-10.0.2+13/src/hotspot/share/prims/jni.cpp, line 611]
Event: 404,270 Thread 0x00007fcbeca90800 Exception <a 'java/io/IOException'{0x00000000c94930f8}> (0x00000000c94930f8) thrown at [/build/openjdk-lts-Ae5PRQ/openjdk-lts-10.0.2+13/src/hotspot/share/prims/jni.cpp, line 611]
Event: 404,940 Thread 0x000055fe39e4c000 Exception <a 'java/lang/NoSuchMethodError'{0x00000000c93cc580}: method resolution failed> (0x00000000c93cc580) thrown at [/build/openjdk-lts-Ae5PRQ/openjdk-lts-10.0.2+13/src/hotspot/share/prims/methodHandles.cpp, line 1226]
Event: 405,666 Thread 0x000055fe39e4c000 Exception <a 'java/lang/NoSuchMethodError'{0x00000000c8d1c530}: java.lang.invoke.DirectMethodHandle$Holder.invokeInterface(Ljava/lang/Object;Ljava/lang/Object;I)Ljava/lang/Object;> (0x00000000c8d1c530) thrown at [/build/openjdk-lts-Ae5PRQ/openjdk-lts-10.0

Events (10 events):
Event: 406,898 loading class com/android/tools/r8/code/MulFloat done
Event: 406,898 loading class com/android/tools/r8/code/MulDouble
Event: 406,898 loading class com/android/tools/r8/code/MulDouble done
Event: 406,899 loading class com/android/tools/r8/code/MulFloat2Addr
Event: 406,899 loading class com/android/tools/r8/code/MulFloat2Addr done
Event: 406,899 loading class com/android/tools/r8/code/MulDouble2Addr
Event: 406,899 loading class com/android/tools/r8/code/MulDouble2Addr done
Event: 406,998 Executing VM operation: G1IncCollectionPause
Event: 407,947 Executing VM operation: G1IncCollectionPause done
Event: 407,991 Executing VM operation: G1IncCollectionPause


Dynamic libraries:
c0000000-cc300000 rw-p 00000000 00:00 0 
d6900000-100000000 ---p 00000000 00:00 0 
100000000-100ac0000 rw-p 00000000 00:00 0 
100ac0000-140000000 ---p 00000000 00:00 0 
55fe368b9000-55fe368ba000 r-xp 00000000 08:02 28312028                   /usr/lib/jvm/java-11-openjdk-amd64/bin/java
55fe36aba000-55fe36abb000 r--p 00001000 08:02 28312028                   /usr/lib/jvm/java-11-openjdk-amd64/bin/java
55fe36abb000-55fe36abc000 rw-p 00002000 08:02 28312028                   /usr/lib/jvm/java-11-openjdk-amd64/bin/java
55fe38791000-55fe39eb1000 rw-p 00000000 00:00 0                          [heap]
7fcbc4000000-7fcbc4021000 rw-p 00000000 00:00 0 
7fcbc4021000-7fcbc8000000 ---p 00000000 00:00 0 
7fcbc87f4000-7fcbc89f4000 rw-p 00000000 00:00 0 
7fcbc89f4000-7fcbc8bf4000 rw-p 00000000 00:00 0 
7fcbc8bf4000-7fcbc8df4000 rw-p 00000000 00:00 0 
7fcbc8df4000-7fcbc8ff4000 rw-p 00000000 00:00 0 
7fcbc8ff4000-7fcbc91f4000 rw-p 00000000 00:00 0 
7fcbc91f4000-7fcbc93f4000 rw-p 00000000 00:00 0 
7fcbc93f4000-7fcbc95f4000 rw-p 00000000 00:00 0 
7fcbc95f4000-7fcbc95f8000 ---p 00000000 00:00 0 
7fcbc95f8000-7fcbc98f5000 rw-p 00000000 00:00 0 
7fcbc98f5000-7fcbc9af5000 rw-p 00000000 00:00 0 
7fcbc9af5000-7fcbc9af9000 ---p 00000000 00:00 0 
7fcbc9af9000-7fcbc9bf6000 rw-p 00000000 00:00 0 
7fcbc9bf6000-7fcbc9bfa000 ---p 00000000 00:00 0 
7fcbc9bfa000-7fcbc9cf7000 rw-p 00000000 00:00 0 
7fcbc9cf7000-7fcbc9cfb000 ---p 00000000 00:00 0 
7fcbc9cfb000-7fcbc9df8000 rw-p 00000000 00:00 0 
7fcbc9df8000-7fcbc9dfc000 ---p 00000000 00:00 0 
7fcbc9dfc000-7fcbc9ef9000 rw-p 00000000 00:00 0 
7fcbc9ef9000-7fcbc9efd000 ---p 00000000 00:00 0 
7fcbc9efd000-7fcbc9ffa000 rw-p 00000000 00:00 0 
7fcbc9ffa000-7fcbc9ffe000 ---p 00000000 00:00 0 
7fcbc9ffe000-7fcbca0fb000 rw-p 00000000 00:00 0 
7fcbca0fb000-7fcbca0ff000 ---p 00000000 00:00 0 
7fcbca0ff000-7fcbca3fc000 rw-p 00000000 00:00 0 
7fcbca3fc000-7fcbca5fc000 rw-p 00000000 00:00 0 
7fcbca5fc000-7fcbca600000 ---p 00000000 00:00 0 
7fcbca600000-7fcbca6fd000 rw-p 00000000 00:00 0 
7fcbca6fd000-7fcbca701000 ---p 00000000 00:00 0 
7fcbca701000-7fcbca7fe000 rw-p 00000000 00:00 0 
7fcbca7fe000-7fcbca802000 ---p 00000000 00:00 0 
7fcbca802000-7fcbca8ff000 rw-p 00000000 00:00 0 
7fcbca8ff000-7fcbca903000 ---p 00000000 00:00 0 
7fcbca903000-7fcbcac00000 rw-p 00000000 00:00 0 
7fcbcac00000-7fcbcae00000 rw-p 00000000 00:00 0 
7fcbcae00000-7fcbcb000000 rw-p 00000000 00:00 0 
7fcbcb000000-7fcbcb200000 rw-p 00000000 00:00 0 
7fcbcb200000-7fcbcb400000 rw-p 00000000 00:00 0 
7fcbcb400000-7fcbcb600000 rw-p 00000000 00:00 0 
7fcbcb600000-7fcbcb800000 rw-p 00000000 00:00 0 
7fcbcb800000-7fcbcba00000 rw-p 00000000 00:00 0 
7fcbcba00000-7fcbcbc00000 rw-p 00000000 00:00 0 
7fcbcbc00000-7fcbcbe00000 rw-p 00000000 00:00 0 
7fcbcbe00000-7fcbcc000000 rw-p 00000000 00:00 0 
7fcbcc000000-7fcbcf8ec000 rw-p 00000000 00:00 0 
7fcbcf8ec000-7fcbd0000000 ---p 00000000 00:00 0 
7fcbd0000000-7fcbd0b6f000 rw-p 00000000 00:00 0 
7fcbd0b6f000-7fcbd4000000 ---p 00000000 00:00 0 
7fcbd4000000-7fcbd4066000 rw-p 00000000 00:00 0 
7fcbd4066000-7fcbd8000000 ---p 00000000 00:00 0 
7fcbd8000000-7fcbd807a000 rw-p 00000000 00:00 0 
7fcbd807a000-7fcbdc000000 ---p 00000000 00:00 0 
7fcbdc0ac000-7fcbdc0b0000 ---p 00000000 00:00 0 
7fcbdc0b0000-7fcbdc0ce000 rw-p 00000000 00:00 0 
7fcbdc0ce000-7fcbdc0d2000 ---p 00000000 00:00 0 
7fcbdc0d2000-7fcbdc1cf000 rw-p 00000000 00:00 0 
7fcbdc1cf000-7fcbdc1d3000 ---p 00000000 00:00 0 
7fcbdc1d3000-7fcbdc2d0000 rw-p 00000000 00:00 0 
7fcbdc2d0000-7fcbdc2d4000 ---p 00000000 00:00 0 
7fcbdc2d4000-7fcbdc5d1000 rw-p 00000000 00:00 0 
7fcbdc5d1000-7fcbdc5d5000 ---p 00000000 00:00 0 
7fcbdc5d5000-7fcbdc8c6000 rw-p 00000000 00:00 0 
7fcbdc8c6000-7fcbdc8d2000 ---p 00000000 00:00 0 
7fcbdc8d2000-7fcbdcad2000 rw-p 00000000 00:00 0 
7fcbdcad2000-7fcbdccd2000 rw-p 00000000 00:00 0 
7fcbdccd2000-7fcbdced2000 rw-p 00000000 00:00 0 
7fcbdced2000-7fcbdd0d2000 rw-p 00000000 00:00 0 
7fcbdd0d2000-7fcbdd2d2000 rw-p 00000000 00:00 0 
7fcbdd2d2000-7fcbdd4d2000 rw-p 00000000 00:00 0 
7fcbdd4d2000-7fcbdd4d6000 ---p 00000000 00:00 0 
7fcbdd4d6000-7fcbdd5d3000 rw-p 00000000 00:00 0 
7fcbdd5d3000-7fcbdd5d7000 ---p 00000000 00:00 0 
7fcbdd5d7000-7fcbdd6d4000 rw-p 00000000 00:00 0 
7fcbdd6d4000-7fcbdd6d8000 ---p 00000000 00:00 0 
7fcbdd6d8000-7fcbdd9d5000 rw-p 00000000 00:00 0 
7fcbdd9d5000-7fcbdd9d9000 ---p 00000000 00:00 0 
7fcbdd9d9000-7fcbddad6000 rw-p 00000000 00:00 0 
7fcbddad6000-7fcbddada000 ---p 00000000 00:00 0 
7fcbddada000-7fcbddbd7000 rw-p 00000000 00:00 0 
7fcbddbd7000-7fcbddbdb000 ---p 00000000 00:00 0 
7fcbddbdb000-7fcbddcd8000 rw-p 00000000 00:00 0 
7fcbddcd8000-7fcbddcdc000 ---p 00000000 00:00 0 
7fcbddcdc000-7fcbddfd9000 rw-p 00000000 00:00 0 
7fcbddfd9000-7fcbddfdd000 ---p 00000000 00:00 0 
7fcbddfdd000-7fcbde0da000 rw-p 00000000 00:00 0 
7fcbde0da000-7fcbde0de000 ---p 00000000 00:00 0 
7fcbde0de000-7fcbde1db000 rw-p 00000000 00:00 0 
7fcbde1db000-7fcbde1df000 ---p 00000000 00:00 0 
7fcbde1df000-7fcbde2dc000 rw-p 00000000 00:00 0 
7fcbde2dc000-7fcbde2e0000 ---p 00000000 00:00 0 
7fcbde2e0000-7fcbde3dd000 rw-p 00000000 00:00 0 
7fcbde3dd000-7fcbde3de000 r-xp 00000000 08:02 28325522                   /usr/lib/jvm/java-11-openjdk-amd64/lib/libextnet.so
7fcbde3de000-7fcbde5dd000 ---p 00001000 08:02 28325522                   /usr/lib/jvm/java-11-openjdk-amd64/lib/libextnet.so
7fcbde5dd000-7fcbde5de000 r--p 00000000 08:02 28325522                   /usr/lib/jvm/java-11-openjdk-amd64/lib/libextnet.so
7fcbde5de000-7fcbde5df000 rw-p 00001000 08:02 28325522                   /usr/lib/jvm/java-11-openjdk-amd64/lib/libextnet.so
7fcbde5df000-7fcbde7df000 rw-p 00000000 00:00 0 
7fcbde7df000-7fcbde7e4000 r-xp 00000000 08:02 28325539                   /usr/lib/jvm/java-11-openjdk-amd64/lib/libmanagement_ext.so
7fcbde7e4000-7fcbde9e3000 ---p 00005000 08:02 28325539                   /usr/lib/jvm/java-11-openjdk-amd64/lib/libmanagement_ext.so
7fcbde9e3000-7fcbde9e4000 r--p 00004000 08:02 28325539                   /usr/lib/jvm/java-11-openjdk-amd64/lib/libmanagement_ext.so
7fcbde9e4000-7fcbde9e5000 rw-p 00005000 08:02 28325539                   /usr/lib/jvm/java-11-openjdk-amd64/lib/libmanagement_ext.so
7fcbde9e5000-7fcbde9e9000 r-xp 00000000 08:02 28325537                   /usr/lib/jvm/java-11-openjdk-amd64/lib/libmanagement.so
7fcbde9e9000-7fcbdebe8000 ---p 00004000 08:02 28325537                   /usr/lib/jvm/java-11-openjdk-amd64/lib/libmanagement.so
7fcbdebe8000-7fcbdebe9000 r--p 00003000 08:02 28325537                   /usr/lib/jvm/java-11-openjdk-amd64/lib/libmanagement.so
7fcbdebe9000-7fcbdebea000 rw-p 00004000 08:02 28325537                   /usr/lib/jvm/java-11-openjdk-amd64/lib/libmanagement.so
7fcbdebea000-7fcbdedea000 rw-p 00000000 00:00 0 
7fcbdedea000-7fcbdefea000 rw-p 00000000 00:00 0 
7fcbdefea000-7fcbdefef000 r-xp 00000000 00:31 1315258                    /home/arts/.gradle/native/25/linux-amd64/libnative-platform.so
7fcbdefef000-7fcbdf1ee000 ---p 00005000 00:31 1315258                    /home/arts/.gradle/native/25/linux-amd64/libnative-platform.so
7fcbdf1ee000-7fcbdf1ef000 rw-p 00004000 00:31 1315258                    /home/arts/.gradle/native/25/linux-amd64/libnative-platform.so
7fcbdf1ef000-7fcbdf206000 r-xp 00000000 08:02 28325541                   /usr/lib/jvm/java-11-openjdk-amd64/lib/libnet.so
7fcbdf206000-7fcbdf405000 ---p 00017000 08:02 28325541                   /usr/lib/jvm/java-11-openjdk-amd64/lib/libnet.so
7fcbdf405000-7fcbdf406000 r--p 00016000 08:02 28325541                   /usr/lib/jvm/java-11-openjdk-amd64/lib/libnet.so
7fcbdf406000-7fcbdf407000 rw-p 00017000 08:02 28325541                   /usr/lib/jvm/java-11-openjdk-amd64/lib/libnet.so
7fcbdf407000-7fcbdf418000 r-xp 00000000 08:02 28325542                   /usr/lib/jvm/java-11-openjdk-amd64/lib/libnio.so
7fcbdf418000-7fcbdf617000 ---p 00011000 08:02 28325542                   /usr/lib/jvm/java-11-openjdk-amd64/lib/libnio.so
7fcbdf617000-7fcbdf618000 r--p 00010000 08:02 28325542                   /usr/lib/jvm/java-11-openjdk-amd64/lib/libnio.so
7fcbdf618000-7fcbdf619000 rw-p 00011000 08:02 28325542                   /usr/lib/jvm/java-11-openjdk-amd64/lib/libnio.so
7fcbdf619000-7fcbdf61d000 ---p 00000000 00:00 0 
7fcbdf61d000-7fcbdf71a000 rw-p 00000000 00:00 0 
7fcbdf71a000-7fcbdf71b000 ---p 00000000 00:00 0 
7fcbdf71b000-7fcbdf81c000 rw-p 00000000 00:00 0 
7fcbdf81c000-7fcbdf820000 ---p 00000000 00:00 0 
7fcbdf820000-7fcbdf91d000 rw-p 00000000 00:00 0 
7fcbdf91d000-7fcbdf921000 ---p 00000000 00:00 0 
7fcbdf921000-7fcbdfa1e000 rw-p 00000000 00:00 0 
7fcbdfa1e000-7fcbdfa22000 ---p 00000000 00:00 0 
7fcbdfa22000-7fcbdfb1f000 rw-p 00000000 00:00 0 
7fcbdfb1f000-7fcbdfb23000 ---p 00000000 00:00 0 
7fcbdfb23000-7fcbdfc20000 rw-p 00000000 00:00 0 
7fcbdfc20000-7fcbdfc24000 ---p 00000000 00:00 0 
7fcbdfc24000-7fcbdfd21000 rw-p 00000000 00:00 0 
7fcbdfd21000-7fcbe0000000 r--p 00000000 08:02 28317791                   /usr/lib/locale/locale-archive
7fcbe0000000-7fcbe031c000 rw-p 00000000 00:00 0 
7fcbe031c000-7fcbe4000000 ---p 00000000 00:00 0 
7fcbe4000000-7fcbe4046000 rw-p 00000000 00:00 0 
7fcbe4046000-7fcbe8000000 ---p 00000000 00:00 0 
7fcbe8000000-7fcbe8021000 rw-p 00000000 00:00 0 
7fcbe8021000-7fcbec000000 ---p 00000000 00:00 0 
7fcbec000000-7fcbed09f000 rw-p 00000000 00:00 0 
7fcbed09f000-7fcbf0000000 ---p 00000000 00:00 0 
7fcbf0000000-7fcbf00a3000 rw-p 00000000 00:00 0 
7fcbf00a3000-7fcbf4000000 ---p 00000000 00:00 0 
7fcbf4000000-7fcbf4120000 rw-p 00000000 00:00 0 
7fcbf4120000-7fcbf8000000 ---p 00000000 00:00 0 
7fcbf8000000-7fcbf8086000 rw-p 00000000 00:00 0 
7fcbf8086000-7fcbfc000000 ---p 00000000 00:00 0 
7fcbfc000000-7fcbfc021000 rw-p 00000000 00:00 0 
7fcbfc021000-7fcc00000000 ---p 00000000 00:00 0 
7fcc00000000-7fcc0007b000 rw-p 00000000 00:00 0 
7fcc0007b000-7fcc04000000 ---p 00000000 00:00 0 
7fcc04021000-7fcc04025000 ---p 00000000 00:00 0 
7fcc04025000-7fcc04122000 rw-p 00000000 00:00 0 
7fcc04122000-7fcc04126000 ---p 00000000 00:00 0 
7fcc04126000-7fcc04223000 rw-p 00000000 00:00 0 
7fcc04223000-7fcc04224000 ---p 00000000 00:00 0 
7fcc04224000-7fcc06e31000 rw-p 00000000 00:00 0 
7fcc06e31000-7fcc07b25000 ---p 00000000 00:00 0 
7fcc07b25000-7fcc07d95000 rwxp 00000000 00:00 0 
7fcc07d95000-7fcc080b4000 ---p 00000000 00:00 0 
7fcc080b4000-7fcc09a94000 rwxp 00000000 00:00 0 
7fcc09a94000-7fcc0f5ec000 ---p 00000000 00:00 0 
7fcc0f5ec000-7fcc0fc8c000 rwxp 00000000 00:00 0 
7fcc0fc8c000-7fcc16b25000 ---p 00000000 00:00 0 
7fcc16b25000-7fcc20000000 r--s 00000000 08:02 28325551                   /usr/lib/jvm/java-11-openjdk-amd64/lib/modules
7fcc20000000-7fcc212bd000 rw-p 00000000 00:00 0 
7fcc212bd000-7fcc24000000 ---p 00000000 00:00 0 
7fcc2400d000-7fcc24011000 ---p 00000000 00:00 0 
7fcc24011000-7fcc24100000 rw-p 00000000 00:00 0 
7fcc24100000-7fcc24101000 ---p 00000000 00:00 0 
7fcc24101000-7fcc24202000 rw-p 00000000 00:00 0 
7fcc24202000-7fcc24203000 ---p 00000000 00:00 0 
7fcc24203000-7fcc24304000 rw-p 00000000 00:00 0 
7fcc24304000-7fcc24305000 ---p 00000000 00:00 0 
7fcc24305000-7fcc24608000 rw-p 00000000 00:00 0 
7fcc24608000-7fcc24609000 ---p 00000000 00:00 0 
7fcc24609000-7fcc2470a000 rw-p 00000000 00:00 0 
7fcc2470a000-7fcc2470b000 ---p 00000000 00:00 0 
7fcc2470b000-7fcc24b18000 rw-p 00000000 00:00 0 
7fcc24b18000-7fcc2580c000 ---p 00000000 00:00 0 
7fcc2580c000-7fcc2586e000 rw-p 00000000 00:00 0 
7fcc2586e000-7fcc25a0c000 ---p 00000000 00:00 0 
7fcc25a0c000-7fcc25a6e000 rw-p 00000000 00:00 0 
7fcc25a6e000-7fcc25c0c000 ---p 00000000 00:00 0 
7fcc25c0c000-7fcc25c6e000 rw-p 00000000 00:00 0 
7fcc25c6e000-7fcc25e0c000 ---p 00000000 00:00 0 
7fcc25e0c000-7fcc2600e000 rw-p 00000000 00:00 0 
7fcc2600e000-7fcc2600f000 ---p 00000000 00:00 0 
7fcc2600f000-7fcc26110000 rw-p 00000000 00:00 0 
7fcc26110000-7fcc26111000 ---p 00000000 00:00 0 
7fcc26111000-7fcc26220000 rw-p 00000000 00:00 0 
7fcc26220000-7fcc262fd000 ---p 00000000 00:00 0 
7fcc262fd000-7fcc26331000 rw-p 00000000 00:00 0 
7fcc26331000-7fcc263e8000 ---p 00000000 00:00 0 
7fcc263e8000-7fcc263ed000 r-xp 00000000 08:02 28325533                   /usr/lib/jvm/java-11-openjdk-amd64/lib/libjimage.so
7fcc263ed000-7fcc265ec000 ---p 00005000 08:02 28325533                   /usr/lib/jvm/java-11-openjdk-amd64/lib/libjimage.so
7fcc265ec000-7fcc265ed000 r--p 00004000 08:02 28325533                   /usr/lib/jvm/java-11-openjdk-amd64/lib/libjimage.so
7fcc265ed000-7fcc265ee000 rw-p 00005000 08:02 28325533                   /usr/lib/jvm/java-11-openjdk-amd64/lib/libjimage.so
7fcc265ee000-7fcc265f5000 r-xp 00000000 08:02 28325550                   /usr/lib/jvm/java-11-openjdk-amd64/lib/libzip.so
7fcc265f5000-7fcc267f4000 ---p 00007000 08:02 28325550                   /usr/lib/jvm/java-11-openjdk-amd64/lib/libzip.so
7fcc267f4000-7fcc267f5000 r--p 00006000 08:02 28325550                   /usr/lib/jvm/java-11-openjdk-amd64/lib/libzip.so
7fcc267f5000-7fcc267f6000 rw-p 00007000 08:02 28325550                   /usr/lib/jvm/java-11-openjdk-amd64/lib/libzip.so
7fcc267f6000-7fcc26801000 r-xp 00000000 08:02 8917659                    /lib/x86_64-linux-gnu/libnss_files-2.27.so
7fcc26801000-7fcc26a00000 ---p 0000b000 08:02 8917659                    /lib/x86_64-linux-gnu/libnss_files-2.27.so
7fcc26a00000-7fcc26a01000 r--p 0000a000 08:02 8917659                    /lib/x86_64-linux-gnu/libnss_files-2.27.so
7fcc26a01000-7fcc26a02000 rw-p 0000b000 08:02 8917659                    /lib/x86_64-linux-gnu/libnss_files-2.27.so
7fcc26a02000-7fcc26a08000 rw-p 00000000 00:00 0 
7fcc26a08000-7fcc26a1f000 r-xp 00000000 08:02 8917653                    /lib/x86_64-linux-gnu/libnsl-2.27.so
7fcc26a1f000-7fcc26c1e000 ---p 00017000 08:02 8917653                    /lib/x86_64-linux-gnu/libnsl-2.27.so
7fcc26c1e000-7fcc26c1f000 r--p 00016000 08:02 8917653                    /lib/x86_64-linux-gnu/libnsl-2.27.so
7fcc26c1f000-7fcc26c20000 rw-p 00017000 08:02 8917653                    /lib/x86_64-linux-gnu/libnsl-2.27.so
7fcc26c20000-7fcc26c22000 rw-p 00000000 00:00 0 
7fcc26c22000-7fcc26c2d000 r-xp 00000000 08:02 8917670                    /lib/x86_64-linux-gnu/libnss_nis-2.27.so
7fcc26c2d000-7fcc26e2c000 ---p 0000b000 08:02 8917670                    /lib/x86_64-linux-gnu/libnss_nis-2.27.so
7fcc26e2c000-7fcc26e2d000 r--p 0000a000 08:02 8917670                    /lib/x86_64-linux-gnu/libnss_nis-2.27.so
7fcc26e2d000-7fcc26e2e000 rw-p 0000b000 08:02 8917670                    /lib/x86_64-linux-gnu/libnss_nis-2.27.so
7fcc26e2e000-7fcc26e36000 r-xp 00000000 08:02 8917655                    /lib/x86_64-linux-gnu/libnss_compat-2.27.so
7fcc26e36000-7fcc27036000 ---p 00008000 08:02 8917655                    /lib/x86_64-linux-gnu/libnss_compat-2.27.so
7fcc27036000-7fcc27037000 r--p 00008000 08:02 8917655                    /lib/x86_64-linux-gnu/libnss_compat-2.27.so
7fcc27037000-7fcc27038000 rw-p 00009000 08:02 8917655                    /lib/x86_64-linux-gnu/libnss_compat-2.27.so
7fcc27038000-7fcc27064000 r-xp 00000000 08:02 28325529                   /usr/lib/jvm/java-11-openjdk-amd64/lib/libjava.so
7fcc27064000-7fcc27263000 ---p 0002c000 08:02 28325529                   /usr/lib/jvm/java-11-openjdk-amd64/lib/libjava.so
7fcc27263000-7fcc27264000 r--p 0002b000 08:02 28325529                   /usr/lib/jvm/java-11-openjdk-amd64/lib/libjava.so
7fcc27264000-7fcc27266000 rw-p 0002c000 08:02 28325529                   /usr/lib/jvm/java-11-openjdk-amd64/lib/libjava.so
7fcc27266000-7fcc27273000 r-xp 00000000 08:02 28325549                   /usr/lib/jvm/java-11-openjdk-amd64/lib/libverify.so
7fcc27273000-7fcc27472000 ---p 0000d000 08:02 28325549                   /usr/lib/jvm/java-11-openjdk-amd64/lib/libverify.so
7fcc27472000-7fcc27474000 r--p 0000c000 08:02 28325549                   /usr/lib/jvm/java-11-openjdk-amd64/lib/libverify.so
7fcc27474000-7fcc27475000 rw-p 0000e000 08:02 28325549                   /usr/lib/jvm/java-11-openjdk-amd64/lib/libverify.so
7fcc27475000-7fcc2747c000 r-xp 00000000 08:02 8917710                    /lib/x86_64-linux-gnu/librt-2.27.so
7fcc2747c000-7fcc2767b000 ---p 00007000 08:02 8917710                    /lib/x86_64-linux-gnu/librt-2.27.so
7fcc2767b000-7fcc2767c000 r--p 00006000 08:02 8917710                    /lib/x86_64-linux-gnu/librt-2.27.so
7fcc2767c000-7fcc2767d000 rw-p 00007000 08:02 8917710                    /lib/x86_64-linux-gnu/librt-2.27.so
7fcc2767d000-7fcc27694000 r-xp 00000000 08:02 8917522                    /lib/x86_64-linux-gnu/libgcc_s.so.1
7fcc27694000-7fcc27893000 ---p 00017000 08:02 8917522                    /lib/x86_64-linux-gnu/libgcc_s.so.1
7fcc27893000-7fcc27894000 r--p 00016000 08:02 8917522                    /lib/x86_64-linux-gnu/libgcc_s.so.1
7fcc27894000-7fcc27895000 rw-p 00017000 08:02 8917522                    /lib/x86_64-linux-gnu/libgcc_s.so.1
7fcc27895000-7fcc27a32000 r-xp 00000000 08:02 8917632                    /lib/x86_64-linux-gnu/libm-2.27.so
7fcc27a32000-7fcc27c31000 ---p 0019d000 08:02 8917632                    /lib/x86_64-linux-gnu/libm-2.27.so
7fcc27c31000-7fcc27c32000 r--p 0019c000 08:02 8917632                    /lib/x86_64-linux-gnu/libm-2.27.so
7fcc27c32000-7fcc27c33000 rw-p 0019d000 08:02 8917632                    /lib/x86_64-linux-gnu/libm-2.27.so
7fcc27c33000-7fcc27dac000 r-xp 00000000 08:02 28312307                   /usr/lib/x86_64-linux-gnu/libstdc++.so.6.0.25
7fcc27dac000-7fcc27fac000 ---p 00179000 08:02 28312307                   /usr/lib/x86_64-linux-gnu/libstdc++.so.6.0.25
7fcc27fac000-7fcc27fb6000 r--p 00179000 08:02 28312307                   /usr/lib/x86_64-linux-gnu/libstdc++.so.6.0.25
7fcc27fb6000-7fcc27fb8000 rw-p 00183000 08:02 28312307                   /usr/lib/x86_64-linux-gnu/libstdc++.so.6.0.25
7fcc27fb8000-7fcc27fbc000 rw-p 00000000 00:00 0 
7fcc27fbc000-7fcc28f59000 r-xp 00000000 08:02 28325554                   /usr/lib/jvm/java-11-openjdk-amd64/lib/server/libjvm.so
7fcc28f59000-7fcc29159000 ---p 00f9d000 08:02 28325554                   /usr/lib/jvm/java-11-openjdk-amd64/lib/server/libjvm.so
7fcc29159000-7fcc2921d000 r--p 00f9d000 08:02 28325554                   /usr/lib/jvm/java-11-openjdk-amd64/lib/server/libjvm.so
7fcc2921d000-7fcc29255000 rw-p 01061000 08:02 28325554                   /usr/lib/jvm/java-11-openjdk-amd64/lib/server/libjvm.so
7fcc29255000-7fcc2929e000 rw-p 00000000 00:00 0 
7fcc2929e000-7fcc292b8000 r-xp 00000000 08:02 8917702                    /lib/x86_64-linux-gnu/libpthread-2.27.so
7fcc292b8000-7fcc294b7000 ---p 0001a000 08:02 8917702                    /lib/x86_64-linux-gnu/libpthread-2.27.so
7fcc294b7000-7fcc294b8000 r--p 00019000 08:02 8917702                    /lib/x86_64-linux-gnu/libpthread-2.27.so
7fcc294b8000-7fcc294b9000 rw-p 0001a000 08:02 8917702                    /lib/x86_64-linux-gnu/libpthread-2.27.so
7fcc294b9000-7fcc294bd000 rw-p 00000000 00:00 0 
7fcc294bd000-7fcc294c0000 r-xp 00000000 08:02 8917592                    /lib/x86_64-linux-gnu/libdl-2.27.so
7fcc294c0000-7fcc296bf000 ---p 00003000 08:02 8917592                    /lib/x86_64-linux-gnu/libdl-2.27.so
7fcc296bf000-7fcc296c0000 r--p 00002000 08:02 8917592                    /lib/x86_64-linux-gnu/libdl-2.27.so
7fcc296c0000-7fcc296c1000 rw-p 00003000 08:02 8917592                    /lib/x86_64-linux-gnu/libdl-2.27.so
7fcc296c1000-7fcc296dd000 r-xp 00000000 08:02 8917743                    /lib/x86_64-linux-gnu/libz.so.1.2.11
7fcc296dd000-7fcc298dc000 ---p 0001c000 08:02 8917743                    /lib/x86_64-linux-gnu/libz.so.1.2.11
7fcc298dc000-7fcc298dd000 r--p 0001b000 08:02 8917743                    /lib/x86_64-linux-gnu/libz.so.1.2.11
7fcc298dd000-7fcc298de000 rw-p 0001c000 08:02 8917743                    /lib/x86_64-linux-gnu/libz.so.1.2.11
7fcc298de000-7fcc29ac5000 r-xp 00000000 08:02 8917569                    /lib/x86_64-linux-gnu/libc-2.27.so
7fcc29ac5000-7fcc29cc5000 ---p 001e7000 08:02 8917569                    /lib/x86_64-linux-gnu/libc-2.27.so
7fcc29cc5000-7fcc29cc9000 r--p 001e7000 08:02 8917569                    /lib/x86_64-linux-gnu/libc-2.27.so
7fcc29cc9000-7fcc29ccb000 rw-p 001eb000 08:02 8917569                    /lib/x86_64-linux-gnu/libc-2.27.so
7fcc29ccb000-7fcc29ccf000 rw-p 00000000 00:00 0 
7fcc29ccf000-7fcc29cde000 r-xp 00000000 08:02 28325514                   /usr/lib/jvm/java-11-openjdk-amd64/lib/jli/libjli.so
7fcc29cde000-7fcc29edd000 ---p 0000f000 08:02 28325514                   /usr/lib/jvm/java-11-openjdk-amd64/lib/jli/libjli.so
7fcc29edd000-7fcc29ede000 r--p 0000e000 08:02 28325514                   /usr/lib/jvm/java-11-openjdk-amd64/lib/jli/libjli.so
7fcc29ede000-7fcc29edf000 rw-p 0000f000 08:02 28325514                   /usr/lib/jvm/java-11-openjdk-amd64/lib/jli/libjli.so
7fcc29edf000-7fcc29f06000 r-xp 00000000 08:02 8917541                    /lib/x86_64-linux-gnu/ld-2.27.so
7fcc29f24000-7fcc29f2b000 r--s 00000000 08:02 28706701                   /usr/lib/x86_64-linux-gnu/gconv/gconv-modules.cache
7fcc29f2b000-7fcc29fe7000 rw-p 00000000 00:00 0 
7fcc29fe7000-7fcc29feb000 ---p 00000000 00:00 0 
7fcc29feb000-7fcc2a0ea000 rw-p 00000000 00:00 0 
7fcc2a0ed000-7fcc2a0f3000 rw-p 00000000 00:00 0 
7fcc2a0f3000-7fcc2a0fa000 ---p 00000000 00:00 0 
7fcc2a0fa000-7fcc2a102000 rw-s 00000000 08:02 10880826                   /tmp/hsperfdata_arts/5068
7fcc2a102000-7fcc2a103000 ---p 00000000 00:00 0 
7fcc2a103000-7fcc2a104000 r--p 00000000 00:00 0 
7fcc2a104000-7fcc2a106000 rw-p 00000000 00:00 0 
7fcc2a106000-7fcc2a107000 r--p 00027000 08:02 8917541                    /lib/x86_64-linux-gnu/ld-2.27.so
7fcc2a107000-7fcc2a108000 rw-p 00028000 08:02 8917541                    /lib/x86_64-linux-gnu/ld-2.27.so
7fcc2a108000-7fcc2a109000 rw-p 00000000 00:00 0 
7fffba904000-7fffba926000 rw-p 00000000 00:00 0                          [stack]
7fffba997000-7fffba99a000 r--p 00000000 00:00 0                          [vvar]
7fffba99a000-7fffba99c000 r-xp 00000000 00:00 0                          [vdso]
ffffffffff600000-ffffffffff601000 r-xp 00000000 00:00 0                  [vsyscall]


VM Arguments:
jvm_args: -XX:+HeapDumpOnOutOfMemoryError -Xmx1024m -Dfile.encoding=UTF-8 -Duser.country=US -Duser.language=en -Duser.variant 
java_command: org.gradle.launcher.daemon.bootstrap.GradleDaemon 4.4
java_class_path (initial): /home/arts/.gradle/wrapper/dists/gradle-4.4-all/9br9xq1tocpiv8o6njlyu5op1/gradle-4.4/lib/gradle-launcher-4.4.jar
Launcher Type: SUN_STANDARD

Logging:
Log output configuration:
#0: stdout all=warning uptime,level,tags
#1: stderr all=off uptime,level,tags

Environment Variables:
PATH=~/.config/composer/vendor/bin:~/.config/composer/vendor/bin:/home/arts/.local/bin:/usr/local/sbin:/usr/local/bin:/usr/sbin:/usr/bin:/sbin:/bin:/usr/games:/usr/local/games:/opt/android/tools:/opt/android/tools/bin:/home/arts/.config/composer/vendor/bin:/opt/android-studio/bin:/opt/android/tools:/opt/android/tools/bin:/home/arts/.config/composer/vendor/bin:/opt/android-studio/bin
SHELL=/usr/bin/zsh
DISPLAY=:0.0

Signal Handlers:
SIGSEGV: [libjvm.so+0xd28b70], sa_mask[0]=11111111011111111101111111111110, sa_flags=SA_RESTART|SA_SIGINFO
SIGBUS: [libjvm.so+0xd28b70], sa_mask[0]=11111111011111111101111111111110, sa_flags=SA_RESTART|SA_SIGINFO
SIGFPE: [libjvm.so+0xd28b70], sa_mask[0]=11111111011111111101111111111110, sa_flags=SA_RESTART|SA_SIGINFO
SIGPIPE: [libjvm.so+0xb2a1f0], sa_mask[0]=11111111011111111101111111111110, sa_flags=SA_RESTART|SA_SIGINFO
SIGXFSZ: [libjvm.so+0xb2a1f0], sa_mask[0]=11111111011111111101111111111110, sa_flags=SA_RESTART|SA_SIGINFO
SIGILL: [libjvm.so+0xd28b70], sa_mask[0]=11111111011111111101111111111110, sa_flags=SA_RESTART|SA_SIGINFO
SIGUSR2: [libjvm.so+0xb2a030], sa_mask[0]=00100000000000000000000000000000, sa_flags=SA_RESTART|SA_SIGINFO
SIGHUP: [libjvm.so+0xb2a180], sa_mask[0]=11111111011111111101111111111110, sa_flags=SA_RESTART|SA_SIGINFO
SIGINT: [libjvm.so+0xb2a180], sa_mask[0]=11111111011111111101111111111110, sa_flags=SA_RESTART|SA_SIGINFO
SIGTERM: [libjvm.so+0xb2a180], sa_mask[0]=11111111011111111101111111111110, sa_flags=SA_RESTART|SA_SIGINFO
SIGQUIT: [libjvm.so+0xb2a180], sa_mask[0]=11111111011111111101111111111110, sa_flags=SA_RESTART|SA_SIGINFO


---------------  S Y S T E M  ---------------

OS:DISTRIB_ID=LinuxMint
DISTRIB_RELEASE=19
DISTRIB_CODENAME=tara
DISTRIB_DESCRIPTION="Linux Mint 19 Tara"
uname:Linux 4.15.0-39-generic #42-Ubuntu SMP Tue Oct 23 15:48:01 UTC 2018 x86_64
libc:glibc 2.27 NPTL 2.27 
rlimit: STACK 8192k, CORE 0k, NPROC 14901, NOFILE 1048576, AS infinity, DATA infinity, FSIZE infinity
load average:5,30 5,88 4,51

/proc/meminfo:
MemTotal:        3925708 kB
MemFree:          109820 kB
MemAvailable:      66040 kB
Buffers:            1476 kB
Cached:           744792 kB
SwapCached:            0 kB
Active:          2845260 kB
Inactive:         687352 kB
Active(anon):    2795708 kB
Inactive(anon):   651624 kB
Active(file):      49552 kB
Inactive(file):    35728 kB
Unevictable:         352 kB
Mlocked:             352 kB
SwapTotal:             0 kB
SwapFree:              0 kB
Dirty:              2556 kB
Writeback:             0 kB
AnonPages:       2786776 kB
Mapped:           581416 kB
Shmem:            661304 kB
Slab:             153196 kB
SReclaimable:      75564 kB
SUnreclaim:        77632 kB
KernelStack:       12704 kB
PageTables:        62532 kB
NFS_Unstable:          0 kB
Bounce:                0 kB
WritebackTmp:          0 kB
CommitLimit:     1962852 kB
Committed_AS:   13093576 kB
VmallocTotal:   34359738367 kB
VmallocUsed:           0 kB
VmallocChunk:          0 kB
HardwareCorrupted:     0 kB
AnonHugePages:         0 kB
ShmemHugePages:        0 kB
ShmemPmdMapped:        0 kB
CmaTotal:              0 kB
CmaFree:               0 kB
HugePages_Total:       0
HugePages_Free:        0
HugePages_Rsvd:        0
HugePages_Surp:        0
Hugepagesize:       2048 kB
DirectMap4k:      215808 kB
DirectMap2M:     3864576 kB

container (cgroup) information:
container_type: cgroupv1
cpu_cpuset_cpus: 0-1
cpu_memory_nodes: 0
active_processor_count: 2
cpu_quota: -1
cpu_period: 100000
cpu_shares: -1
memory_limit_in_bytes: -1
memory_and_swap_limit_in_bytes: -2
memory_soft_limit_in_bytes: -1
memory_usage_in_bytes: 3618074624
memory_max_usage_in_bytes: 0


CPU:total 2 (initial active 2) (2 cores per cpu, 1 threads per core) family 6 model 55 stepping 8, cmov, cx8, fxsr, mmx, sse, sse2, sse3, ssse3, sse4.1, sse4.2, popcnt, clmul, erms, 3dnowpref, tsc, tscinvbit
CPU Model and flags from /proc/cpuinfo:
model name	: Intel(R) Celeron(R) CPU  N2840  @ 2.16GHz
flags		: fpu vme de pse tsc msr pae mce cx8 apic sep mtrr pge mca cmov pat pse36 clflush dts acpi mmx fxsr sse sse2 ss ht tm pbe syscall nx rdtscp lm constant_tsc arch_perfmon pebs bts rep_good nopl xtopology tsc_reliable nonstop_tsc cpuid aperfmperf tsc_known_freq pni pclmulqdq dtes64 monitor ds_cpl vmx est tm2 ssse3 cx16 xtpr pdcm sse4_1 sse4_2 movbe popcnt tsc_deadline_timer rdrand lahf_lm 3dnowprefetch epb pti tpr_shadow vnmi flexpriority ept vpid tsc_adjust smep erms dtherm ida arat

Memory: 4k page, physical 3925708k(109820k free), swap 0k(0k free)

vm_info: OpenJDK 64-Bit Server VM (10.0.2+13-Ubuntu-1ubuntu0.18.04.4) for linux-amd64 JRE (10.0.2+13-Ubuntu-1ubuntu0.18.04.4), built on Nov 13 2018 12:53:39 by "buildd" with gcc 7.3.0

END.
